[ 2010-12-09T08:15:14+08:00 ] ERR: (ThinkException) 无法加载模块faq
[ 2010-12-09T08:15:17+08:00 ] ERR: (ThinkException) 无法加载模块faq
[ 2010-12-09T08:15:21+08:00 ] ERR: (ThinkException) 无法加载模块faq
[ 2010-12-09T08:15:36+08:00 ] ERR: (ThinkException) 无法加载模块faq
[ 2010-12-09T08:15:43+08:00 ] ERR: (ThinkException) 无法加载模块faq
[ 2010-12-09T08:15:52+08:00 ] ERR: (ThinkException) 无法加载模块faq
[ 2010-12-09T09:35:38+08:00 ] ERR: (ThinkException) 无法加载模块notice
[ 2010-12-09T09:35:38+08:00 ] ERR: (ThinkException) 无法加载模块notice
[ 2010-12-09T10:50:04+08:00 ] ERR: (ThinkException) 无法加载模块question
[ 2010-12-09T10:52:31+08:00 ] ERR: (ThinkException) 无法加载模块question
[ 2010-12-09T10:53:32+08:00 ] ERR: (ThinkException) 无法加载模块question
[ 2010-12-09T10:53:35+08:00 ] ERR: (ThinkException) 无法加载模块question
[ 2010-12-09T12:08:34+08:00 ] ERR: (ThinkException) 无法加载模块question
[ 2010-12-09T13:08:18+08:00 ] ERR: (ThinkException) 无法加载模块question
[ 2010-12-09T13:08:30+08:00 ] ERR: (ThinkException) 无法加载模块notice
[ 2010-12-09T13:15:18+08:00 ] ERR: (ThinkException) 无法加载模块question
[ 2010-12-09T13:49:43+08:00 ] ERR: (ThinkException) 无法加载模块question
[ 2010-12-09T13:49:46+08:00 ] ERR: (ThinkException) 无法加载模块question
[ 2010-12-09T13:50:50+08:00 ] ERR: (ThinkException) 无法加载模块question
[ 2010-12-09T16:47:05+08:00 ] ERR: (ThinkException) 无法加载模块question
[ 2010-12-09T16:47:06+08:00 ] ERR: (ThinkException) 无法加载模块index
[ 2010-12-09T16:47:06+08:00 ] ERR: (ThinkException) 无法加载模块index
[ 2010-12-09T16:48:13+08:00 ] ERR: (ThinkException) 无法加载模块notice
[ 2010-12-09T16:48:13+08:00 ] ERR: (ThinkException) 无法加载模块index
[ 2010-12-09T16:48:13+08:00 ] ERR: (ThinkException) 无法加载模块index
[ 2010-12-09T16:48:13+08:00 ] ERR: (ThinkException) 无法加载模块index
[ 2010-12-09T16:48:13+08:00 ] ERR: (ThinkException) 无法加载模块question
[ 2010-12-09T16:48:13+08:00 ] ERR: (ThinkException) 无法加载模块index
[ 2010-12-09T16:48:13+08:00 ] ERR: (ThinkException) 无法加载模块index
[ 2010-12-09T16:48:14+08:00 ] ERR: (ThinkException) 无法加载模块index
[ 2010-12-09T17:44:26+08:00 ] ERR: (ThinkException) 无法加载模块question
[ 2010-12-09T17:44:26+08:00 ] ERR: (ThinkException) 无法加载模块index
[ 2010-12-09T17:44:26+08:00 ] ERR: (ThinkException) 无法加载模块index
[ 2010-12-09T17:45:31+08:00 ] ERR: (ThinkException) 无法加载模块notice
[ 2010-12-09T17:45:31+08:00 ] ERR: (ThinkException) 无法加载模块index
[ 2010-12-09T17:45:31+08:00 ] ERR: (ThinkException) 无法加载模块index
[ 2010-12-09T17:45:31+08:00 ] ERR: (ThinkException) 无法加载模块index
[ 2010-12-09T17:45:31+08:00 ] ERR: (ThinkException) 无法加载模块question
[ 2010-12-09T17:45:31+08:00 ] ERR: (ThinkException) 无法加载模块index
[ 2010-12-09T17:45:31+08:00 ] ERR: (ThinkException) 无法加载模块index
[ 2010-12-09T17:45:31+08:00 ] ERR: (ThinkException) 无法加载模块index
[ 2010-12-09T17:46:48+08:00 ] ERR: (ThinkException) 无法加载模块faq
[ 2010-12-09T17:46:48+08:00 ] ERR: (ThinkException) 无法加载模块index
[ 2010-12-09T17:46:48+08:00 ] ERR: (ThinkException) 无法加载模块index
[ 2010-12-09T17:46:48+08:00 ] ERR: (ThinkException) 无法加载模块index
[ 2010-12-09T17:46:48+08:00 ] ERR: (ThinkException) 无法加载模块faq
[ 2010-12-09T17:46:48+08:00 ] ERR: (ThinkException) 无法加载模块index
[ 2010-12-09T17:46:48+08:00 ] ERR: (ThinkException) 无法加载模块index
[ 2010-12-09T17:46:48+08:00 ] ERR: (ThinkException) 无法加载模块index
[ 2010-12-09T17:46:48+08:00 ] ERR: (ThinkException) 无法加载模块faq
[ 2010-12-09T17:46:48+08:00 ] ERR: (ThinkException) 无法加载模块index
[ 2010-12-09T17:46:49+08:00 ] ERR: (ThinkException) 无法加载模块index
[ 2010-12-09T17:46:49+08:00 ] ERR: (ThinkException) 无法加载模块index
[ 2010-12-09T17:46:49+08:00 ] ERR: (ThinkException) 无法加载模块faq
[ 2010-12-09T17:46:49+08:00 ] ERR: (ThinkException) 无法加载模块index
[ 2010-12-09T17:46:49+08:00 ] ERR: (ThinkException) 无法加载模块index
[ 2010-12-09T17:46:49+08:00 ] ERR: (ThinkException) 无法加载模块index
[ 2010-12-09T17:46:49+08:00 ] ERR: (ThinkException) 无法加载模块faq
[ 2010-12-09T17:46:49+08:00 ] ERR: (ThinkException) 无法加载模块index
[ 2010-12-09T17:46:49+08:00 ] ERR: (ThinkException) 无法加载模块index
[ 2010-12-09T17:46:49+08:00 ] ERR: (ThinkException) 无法加载模块index
[ 2010-12-09T17:46:49+08:00 ] ERR: (ThinkException) 无法加载模块faq
[ 2010-12-09T17:46:49+08:00 ] ERR: (ThinkException) 无法加载模块index
[ 2010-12-09T17:46:49+08:00 ] ERR: (ThinkException) 无法加载模块index
[ 2010-12-09T17:46:49+08:00 ] ERR: (ThinkException) 无法加载模块index
[ 2010-12-09T17:46:49+08:00 ] ERR: (ThinkException) 无法加载模块faq
[ 2010-12-09T17:46:49+08:00 ] ERR: (ThinkException) 无法加载模块index
[ 2010-12-09T17:46:49+08:00 ] ERR: (ThinkException) 无法加载模块index
[ 2010-12-09T17:46:49+08:00 ] ERR: (ThinkException) 无法加载模块index
[ 2010-12-09T17:46:50+08:00 ] ERR: (ThinkException) 无法加载模块faq
[ 2010-12-09T17:46:50+08:00 ] ERR: (ThinkException) 无法加载模块index
[ 2010-12-09T17:46:50+08:00 ] ERR: (ThinkException) 无法加载模块index
[ 2010-12-09T17:46:50+08:00 ] ERR: (ThinkException) 无法加载模块index
[ 2010-12-09T17:46:50+08:00 ] ERR: (ThinkException) 无法加载模块faq
[ 2010-12-09T17:46:50+08:00 ] ERR: (ThinkException) 无法加载模块index
[ 2010-12-09T17:46:50+08:00 ] ERR: (ThinkException) 无法加载模块index
[ 2010-12-09T17:46:50+08:00 ] ERR: (ThinkException) 无法加载模块index
[ 2010-12-09T17:46:50+08:00 ] ERR: (ThinkException) 无法加载模块faq
[ 2010-12-09T17:46:50+08:00 ] ERR: (ThinkException) 无法加载模块index
[ 2010-12-09T17:46:50+08:00 ] ERR: (ThinkException) 无法加载模块index
[ 2010-12-09T17:46:50+08:00 ] ERR: (ThinkException) 无法加载模块index
[ 2010-12-09T17:46:50+08:00 ] ERR: (ThinkException) 无法加载模块faq
[ 2010-12-09T17:46:50+08:00 ] ERR: (ThinkException) 无法加载模块index
[ 2010-12-09T17:46:50+08:00 ] ERR: (ThinkException) 无法加载模块index
[ 2010-12-09T17:46:50+08:00 ] ERR: (ThinkException) 无法加载模块index
[ 2010-12-09T17:46:50+08:00 ] ERR: (ThinkException) 无法加载模块notice
[ 2010-12-09T17:46:50+08:00 ] ERR: (ThinkException) 无法加载模块index
[ 2010-12-09T17:46:51+08:00 ] ERR: (ThinkException) 无法加载模块index
[ 2010-12-09T17:46:51+08:00 ] ERR: (ThinkException) 无法加载模块index
[ 2010-12-09T17:46:51+08:00 ] ERR: (ThinkException) 无法加载模块notice
[ 2010-12-09T17:46:51+08:00 ] ERR: (ThinkException) 无法加载模块index
[ 2010-12-09T17:46:51+08:00 ] ERR: (ThinkException) 无法加载模块index
[ 2010-12-09T17:46:51+08:00 ] ERR: (ThinkException) 无法加载模块index
[ 2010-12-09T17:46:51+08:00 ] ERR: (ThinkException) 无法加载模块notice
[ 2010-12-09T17:46:51+08:00 ] ERR: (ThinkException) 无法加载模块index
[ 2010-12-09T17:46:51+08:00 ] ERR: (ThinkException) 无法加载模块index
[ 2010-12-09T17:46:51+08:00 ] ERR: (ThinkException) 无法加载模块index
[ 2010-12-09T17:46:51+08:00 ] ERR: (ThinkException) 无法加载模块question
[ 2010-12-09T17:46:51+08:00 ] ERR: (ThinkException) 无法加载模块index
[ 2010-12-09T17:46:51+08:00 ] ERR: (ThinkException) 无法加载模块index
[ 2010-12-09T17:46:51+08:00 ] ERR: (ThinkException) 无法加载模块index
[ 2010-12-09T17:46:52+08:00 ] ERR: (ThinkException) 无法加载模块selfservice
[ 2010-12-09T17:46:52+08:00 ] ERR: (ThinkException) 无法加载模块index
[ 2010-12-09T17:46:52+08:00 ] ERR: (ThinkException) 无法加载模块index
[ 2010-12-09T17:46:52+08:00 ] ERR: (ThinkException) 无法加载模块index
[ 2010-12-09T19:01:04+08:00 ] ERR: (ThinkException) 无法加载模块question
[ 2010-12-09T19:01:14+08:00 ] ERR: (ThinkException) 无法加载模块question
