[ 2010-12-31T01:26:57+08:00 ] ERR: (ThinkException) 无法加载模块question
[ 2010-12-31T01:26:57+08:00 ] ERR: (ThinkException) 无法加载模块index
[ 2010-12-31T01:26:57+08:00 ] ERR: (ThinkException) 无法加载模块index
[ 2010-12-31T01:27:45+08:00 ] ERR: (ThinkException) 无法加载模块notice
[ 2010-12-31T01:27:45+08:00 ] ERR: (ThinkException) 无法加载模块index
[ 2010-12-31T01:27:45+08:00 ] ERR: (ThinkException) 无法加载模块index
[ 2010-12-31T01:27:45+08:00 ] ERR: (ThinkException) 无法加载模块index
[ 2010-12-31T01:27:45+08:00 ] ERR: (ThinkException) 无法加载模块question
[ 2010-12-31T01:27:45+08:00 ] ERR: (ThinkException) 无法加载模块index
[ 2010-12-31T01:27:45+08:00 ] ERR: (ThinkException) 无法加载模块index
[ 2010-12-31T01:27:45+08:00 ] ERR: (ThinkException) 无法加载模块index
[ 2010-12-31T01:27:45+08:00 ] ERR: (ThinkException) 无法加载模块question
[ 2010-12-31T01:27:46+08:00 ] ERR: (ThinkException) 无法加载模块index
[ 2010-12-31T01:27:46+08:00 ] ERR: (ThinkException) 无法加载模块index
[ 2010-12-31T01:27:46+08:00 ] ERR: (ThinkException) 无法加载模块index
[ 2010-12-31T18:42:02+08:00 ] ERR: (ThinkException) 无法加载模块notice
[ 2010-12-31T18:42:04+08:00 ] ERR: (ThinkException) 无法加载模块notice
[ 2010-12-31T18:48:34+08:00 ] ERR: (ThinkException) 无法加载模块notice
[ 2010-12-31T18:48:35+08:00 ] ERR: (ThinkException) 无法加载模块notice
[ 2010-12-31T20:12:25+08:00 ] ERR: (ThinkException) 无法加载模块faq
[ 2010-12-31T20:12:28+08:00 ] ERR: (ThinkException) 无法加载模块faq
[ 2010-12-31T22:19:22+08:00 ] ERR: (ThinkException) 无法加载模块selfservice
[ 2010-12-31T22:19:29+08:00 ] ERR: (ThinkException) 无法加载模块selfservice
