[ 2010-12-14T03:26:01+08:00 ] ERR: (ThinkException) 无法加载模块faq
[ 2010-12-14T06:27:59+08:00 ] ERR: (ThinkException) 无法加载模块question
[ 2010-12-14T06:27:59+08:00 ] ERR: (ThinkException) 无法加载模块index
[ 2010-12-14T06:27:59+08:00 ] ERR: (ThinkException) 无法加载模块index
[ 2010-12-14T06:28:00+08:00 ] ERR: (ThinkException) 无法加载模块question
[ 2010-12-14T06:28:00+08:00 ] ERR: (ThinkException) 无法加载模块index
[ 2010-12-14T06:28:00+08:00 ] ERR: (ThinkException) 无法加载模块index
[ 2010-12-14T06:28:40+08:00 ] ERR: (ThinkException) 无法加载模块question
[ 2010-12-14T06:28:40+08:00 ] ERR: (ThinkException) 无法加载模块index
[ 2010-12-14T06:28:41+08:00 ] ERR: (ThinkException) 无法加载模块index
[ 2010-12-14T06:29:55+08:00 ] ERR: (ThinkException) 无法加载模块question
[ 2010-12-14T06:29:55+08:00 ] ERR: (ThinkException) 无法加载模块index
[ 2010-12-14T06:29:55+08:00 ] ERR: (ThinkException) 无法加载模块index
[ 2010-12-14T06:29:55+08:00 ] ERR: (ThinkException) 无法加载模块question
[ 2010-12-14T06:29:55+08:00 ] ERR: (ThinkException) 无法加载模块index
[ 2010-12-14T06:29:55+08:00 ] ERR: (ThinkException) 无法加载模块index
[ 2010-12-14T09:59:17+08:00 ] ERR: (ThinkException) 无法加载模块question
[ 2010-12-14T10:34:33+08:00 ] ERR: (ThinkException) 无法加载模块question
[ 2010-12-14T10:34:33+08:00 ] ERR: (ThinkException) 无法加载模块index
[ 2010-12-14T10:34:33+08:00 ] ERR: (ThinkException) 无法加载模块index
[ 2010-12-14T10:36:02+08:00 ] ERR: (ThinkException) 无法加载模块question
[ 2010-12-14T10:36:02+08:00 ] ERR: (ThinkException) 无法加载模块index
[ 2010-12-14T10:36:03+08:00 ] ERR: (ThinkException) 无法加载模块index
[ 2010-12-14T10:36:03+08:00 ] ERR: (ThinkException) 无法加载模块question
[ 2010-12-14T10:36:03+08:00 ] ERR: (ThinkException) 无法加载模块index
[ 2010-12-14T10:36:03+08:00 ] ERR: (ThinkException) 无法加载模块index
[ 2010-12-14T10:36:23+08:00 ] ERR: (ThinkException) 无法加载模块question
[ 2010-12-14T10:36:23+08:00 ] ERR: (ThinkException) 无法加载模块index
[ 2010-12-14T10:36:23+08:00 ] ERR: (ThinkException) 无法加载模块index
[ 2010-12-14T10:39:16+08:00 ] ERR: (ThinkException) 无法加载模块notice
[ 2010-12-14T10:39:16+08:00 ] ERR: (ThinkException) 无法加载模块index
[ 2010-12-14T10:39:17+08:00 ] ERR: (ThinkException) 无法加载模块index
[ 2010-12-14T10:39:17+08:00 ] ERR: (ThinkException) 无法加载模块index
[ 2010-12-14T10:39:17+08:00 ] ERR: (ThinkException) 无法加载模块question
[ 2010-12-14T10:39:17+08:00 ] ERR: (ThinkException) 无法加载模块index
[ 2010-12-14T10:39:17+08:00 ] ERR: (ThinkException) 无法加载模块index
[ 2010-12-14T10:39:17+08:00 ] ERR: (ThinkException) 无法加载模块index
[ 2010-12-14T19:24:57+08:00 ] ERR: (ThinkException) 无法加载模块question
[ 2010-12-14T19:25:00+08:00 ] ERR: (ThinkException) 无法加载模块question
[ 2010-12-14T19:38:32+08:00 ] ERR: (ThinkException) 无法加载模块faq
[ 2010-12-14T19:38:51+08:00 ] ERR: (ThinkException) 无法加载模块faq
[ 2010-12-14T19:40:17+08:00 ] ERR: (ThinkException) 无法加载模块faq
[ 2010-12-14T19:40:40+08:00 ] ERR: (ThinkException) 无法加载模块faq
[ 2010-12-14T20:08:25+08:00 ] ERR: (ThinkException) 无法加载模块faq
[ 2010-12-14T21:46:50+08:00 ] ERR: (ThinkException) 无法加载模块question
[ 2010-12-14T21:46:54+08:00 ] ERR: (ThinkException) 无法加载模块selfservice
[ 2010-12-14T22:08:14+08:00 ] ERR: (ThinkException) 无法加载模块question
[ 2010-12-14T22:08:20+08:00 ] ERR: (ThinkException) 无法加载模块selfservice
