[ 2010-12-19T04:48:38+08:00 ] ERR: (ThinkException) 无法加载模块question
[ 2010-12-19T04:48:38+08:00 ] ERR: (ThinkException) 无法加载模块index
[ 2010-12-19T04:48:38+08:00 ] ERR: (ThinkException) 无法加载模块index
[ 2010-12-19T04:49:19+08:00 ] ERR: (ThinkException) 无法加载模块notice
[ 2010-12-19T04:49:19+08:00 ] ERR: (ThinkException) 无法加载模块index
[ 2010-12-19T04:49:19+08:00 ] ERR: (ThinkException) 无法加载模块index
[ 2010-12-19T04:49:19+08:00 ] ERR: (ThinkException) 无法加载模块index
[ 2010-12-19T04:49:19+08:00 ] ERR: (ThinkException) 无法加载模块question
[ 2010-12-19T04:49:19+08:00 ] ERR: (ThinkException) 无法加载模块index
[ 2010-12-19T04:49:19+08:00 ] ERR: (ThinkException) 无法加载模块index
[ 2010-12-19T04:49:19+08:00 ] ERR: (ThinkException) 无法加载模块index
[ 2010-12-19T05:43:23+08:00 ] ERR: (ThinkException) 无法加载模块question
[ 2010-12-19T05:43:23+08:00 ] ERR: (ThinkException) 无法加载模块index
[ 2010-12-19T05:43:23+08:00 ] ERR: (ThinkException) 无法加载模块index
[ 2010-12-19T05:44:01+08:00 ] ERR: (ThinkException) 无法加载模块notice
[ 2010-12-19T05:44:01+08:00 ] ERR: (ThinkException) 无法加载模块index
[ 2010-12-19T05:44:02+08:00 ] ERR: (ThinkException) 无法加载模块index
[ 2010-12-19T05:44:02+08:00 ] ERR: (ThinkException) 无法加载模块index
[ 2010-12-19T05:44:02+08:00 ] ERR: (ThinkException) 无法加载模块question
[ 2010-12-19T05:44:02+08:00 ] ERR: (ThinkException) 无法加载模块index
[ 2010-12-19T05:44:02+08:00 ] ERR: (ThinkException) 无法加载模块index
[ 2010-12-19T05:44:02+08:00 ] ERR: (ThinkException) 无法加载模块index
[ 2010-12-19T11:47:35+08:00 ] ERR: (ThinkException) 无法加载模块question
[ 2010-12-19T11:47:35+08:00 ] ERR: (ThinkException) 无法加载模块index
[ 2010-12-19T11:47:35+08:00 ] ERR: (ThinkException) 无法加载模块index
[ 2010-12-19T11:49:16+08:00 ] ERR: (ThinkException) 无法加载模块notice
[ 2010-12-19T11:49:17+08:00 ] ERR: (ThinkException) 无法加载模块index
[ 2010-12-19T11:49:17+08:00 ] ERR: (ThinkException) 无法加载模块index
[ 2010-12-19T11:49:17+08:00 ] ERR: (ThinkException) 无法加载模块index
[ 2010-12-19T11:49:17+08:00 ] ERR: (ThinkException) 无法加载模块question
[ 2010-12-19T11:49:20+08:00 ] ERR: (ThinkException) 无法加载模块index
[ 2010-12-19T11:49:20+08:00 ] ERR: (ThinkException) 无法加载模块index
[ 2010-12-19T11:49:20+08:00 ] ERR: (ThinkException) 无法加载模块index
[ 2010-12-19T11:55:20+08:00 ] ERR: (ThinkException) 无法加载模块question
[ 2010-12-19T11:55:24+08:00 ] ERR: (ThinkException) 无法加载模块question
[ 2010-12-19T17:01:25+08:00 ] ERR: (ThinkException) 非法操作index7
[ 2010-12-19T17:01:44+08:00 ] ERR: (ThinkException) 无法加载模块Question1
[ 2010-12-19T20:54:07+08:00 ] ERR: (ThinkException) 无法加载模块notice
[ 2010-12-19T20:55:43+08:00 ] ERR: (ThinkException) 无法加载模块faq
[ 2010-12-19T20:55:46+08:00 ] ERR: (ThinkException) 无法加载模块selfservice
[ 2010-12-19T20:57:49+08:00 ] ERR: (ThinkException) 无法加载模块notice
[ 2010-12-19T20:57:58+08:00 ] ERR: (ThinkException) 无法加载模块question
[ 2010-12-19T20:58:03+08:00 ] ERR: (ThinkException) 无法加载模块question
[ 2010-12-19T20:58:03+08:00 ] ERR: (ThinkException) 无法加载模块question
[ 2010-12-19T20:59:16+08:00 ] ERR: (ThinkException) 无法加载模块faq
[ 2010-12-19T20:59:27+08:00 ] ERR: (ThinkException) 无法加载模块selfservice
[ 2010-12-19T21:01:23+08:00 ] ERR: (ThinkException) 无法加载模块question
[ 2010-12-19T21:01:23+08:00 ] ERR: (ThinkException) 无法加载模块index
[ 2010-12-19T21:01:23+08:00 ] ERR: (ThinkException) 无法加载模块index
[ 2010-12-19T21:01:32+08:00 ] ERR: (ThinkException) 无法加载模块question
[ 2010-12-19T21:01:37+08:00 ] ERR: (ThinkException) 无法加载模块question
[ 2010-12-19T21:02:12+08:00 ] ERR: (ThinkException) 无法加载模块notice
[ 2010-12-19T21:02:12+08:00 ] ERR: (ThinkException) 无法加载模块index
[ 2010-12-19T21:02:12+08:00 ] ERR: (ThinkException) 无法加载模块index
[ 2010-12-19T21:02:12+08:00 ] ERR: (ThinkException) 无法加载模块index
[ 2010-12-19T21:02:12+08:00 ] ERR: (ThinkException) 无法加载模块question
[ 2010-12-19T21:02:12+08:00 ] ERR: (ThinkException) 无法加载模块index
[ 2010-12-19T21:02:12+08:00 ] ERR: (ThinkException) 无法加载模块index
[ 2010-12-19T21:02:12+08:00 ] ERR: (ThinkException) 无法加载模块index
[ 2010-12-19T21:58:36+08:00 ] ERR: (ThinkException) 无法加载模块question
[ 2010-12-19T21:58:36+08:00 ] ERR: (ThinkException) 无法加载模块index
[ 2010-12-19T21:58:36+08:00 ] ERR: (ThinkException) 无法加载模块index
[ 2010-12-19T22:00:08+08:00 ] ERR: (ThinkException) 无法加载模块notice
[ 2010-12-19T22:00:08+08:00 ] ERR: (ThinkException) 无法加载模块index
[ 2010-12-19T22:00:08+08:00 ] ERR: (ThinkException) 无法加载模块index
[ 2010-12-19T22:00:08+08:00 ] ERR: (ThinkException) 无法加载模块index
[ 2010-12-19T22:00:09+08:00 ] ERR: (ThinkException) 无法加载模块question
[ 2010-12-19T22:00:09+08:00 ] ERR: (ThinkException) 无法加载模块index
[ 2010-12-19T22:00:09+08:00 ] ERR: (ThinkException) 无法加载模块index
[ 2010-12-19T22:00:09+08:00 ] ERR: (ThinkException) 无法加载模块index
[ 2010-12-19T23:30:45+08:00 ] ERR: (ThinkException) 无法加载模块question
[ 2010-12-19T23:30:45+08:00 ] ERR: (ThinkException) 无法加载模块index
[ 2010-12-19T23:30:45+08:00 ] ERR: (ThinkException) 无法加载模块index
[ 2010-12-19T23:31:29+08:00 ] ERR: (ThinkException) 无法加载模块notice
[ 2010-12-19T23:31:29+08:00 ] ERR: (ThinkException) 无法加载模块index
[ 2010-12-19T23:31:29+08:00 ] ERR: (ThinkException) 无法加载模块index
[ 2010-12-19T23:31:29+08:00 ] ERR: (ThinkException) 无法加载模块index
[ 2010-12-19T23:31:29+08:00 ] ERR: (ThinkException) 无法加载模块question
[ 2010-12-19T23:31:29+08:00 ] ERR: (ThinkException) 无法加载模块index
[ 2010-12-19T23:31:29+08:00 ] ERR: (ThinkException) 无法加载模块index
[ 2010-12-19T23:31:29+08:00 ] ERR: (ThinkException) 无法加载模块index
