[ 2010-12-12T00:23:37+08:00 ] ERR: (ThinkException) 无法加载模块question
[ 2010-12-12T03:01:07+08:00 ] ERR: (ThinkException) 无法加载模块question
[ 2010-12-12T03:01:14+08:00 ] ERR: (ThinkException) 无法加载模块question
[ 2010-12-12T03:01:25+08:00 ] ERR: (ThinkException) 无法加载模块question
[ 2010-12-12T03:01:32+08:00 ] ERR: (ThinkException) 无法加载模块question
[ 2010-12-12T03:51:18+08:00 ] ERR: (ThinkException) 无法加载模块question
[ 2010-12-12T03:51:18+08:00 ] ERR: (ThinkException) 无法加载模块index
[ 2010-12-12T03:51:18+08:00 ] ERR: (ThinkException) 无法加载模块index
[ 2010-12-12T03:52:03+08:00 ] ERR: (ThinkException) 无法加载模块notice
[ 2010-12-12T03:52:03+08:00 ] ERR: (ThinkException) 无法加载模块index
[ 2010-12-12T03:52:03+08:00 ] ERR: (ThinkException) 无法加载模块index
[ 2010-12-12T03:52:03+08:00 ] ERR: (ThinkException) 无法加载模块index
[ 2010-12-12T03:52:03+08:00 ] ERR: (ThinkException) 无法加载模块question
[ 2010-12-12T03:52:03+08:00 ] ERR: (ThinkException) 无法加载模块index
[ 2010-12-12T03:52:03+08:00 ] ERR: (ThinkException) 无法加载模块index
[ 2010-12-12T03:52:03+08:00 ] ERR: (ThinkException) 无法加载模块index
[ 2010-12-12T03:53:01+08:00 ] ERR: (ThinkException) 无法加载模块faq
[ 2010-12-12T03:53:01+08:00 ] ERR: (ThinkException) 无法加载模块index
[ 2010-12-12T03:53:01+08:00 ] ERR: (ThinkException) 无法加载模块index
[ 2010-12-12T03:53:01+08:00 ] ERR: (ThinkException) 无法加载模块index
[ 2010-12-12T03:53:01+08:00 ] ERR: (ThinkException) 无法加载模块faq
[ 2010-12-12T03:53:01+08:00 ] ERR: (ThinkException) 无法加载模块index
[ 2010-12-12T03:53:01+08:00 ] ERR: (ThinkException) 无法加载模块index
[ 2010-12-12T03:53:01+08:00 ] ERR: (ThinkException) 无法加载模块index
[ 2010-12-12T03:53:01+08:00 ] ERR: (ThinkException) 无法加载模块faq
[ 2010-12-12T03:53:01+08:00 ] ERR: (ThinkException) 无法加载模块index
[ 2010-12-12T03:53:01+08:00 ] ERR: (ThinkException) 无法加载模块index
[ 2010-12-12T03:53:01+08:00 ] ERR: (ThinkException) 无法加载模块index
[ 2010-12-12T03:53:01+08:00 ] ERR: (ThinkException) 无法加载模块faq
[ 2010-12-12T03:53:02+08:00 ] ERR: (ThinkException) 无法加载模块index
[ 2010-12-12T03:53:02+08:00 ] ERR: (ThinkException) 无法加载模块index
[ 2010-12-12T03:53:02+08:00 ] ERR: (ThinkException) 无法加载模块index
[ 2010-12-12T03:53:02+08:00 ] ERR: (ThinkException) 无法加载模块faq
[ 2010-12-12T03:53:02+08:00 ] ERR: (ThinkException) 无法加载模块index
[ 2010-12-12T03:53:02+08:00 ] ERR: (ThinkException) 无法加载模块index
[ 2010-12-12T03:53:02+08:00 ] ERR: (ThinkException) 无法加载模块index
[ 2010-12-12T03:53:02+08:00 ] ERR: (ThinkException) 无法加载模块faq
[ 2010-12-12T03:53:02+08:00 ] ERR: (ThinkException) 无法加载模块index
[ 2010-12-12T03:53:02+08:00 ] ERR: (ThinkException) 无法加载模块index
[ 2010-12-12T03:53:02+08:00 ] ERR: (ThinkException) 无法加载模块index
[ 2010-12-12T03:53:02+08:00 ] ERR: (ThinkException) 无法加载模块faq
[ 2010-12-12T03:53:02+08:00 ] ERR: (ThinkException) 无法加载模块index
[ 2010-12-12T03:53:02+08:00 ] ERR: (ThinkException) 无法加载模块index
[ 2010-12-12T03:53:02+08:00 ] ERR: (ThinkException) 无法加载模块index
[ 2010-12-12T03:53:02+08:00 ] ERR: (ThinkException) 无法加载模块faq
[ 2010-12-12T03:53:02+08:00 ] ERR: (ThinkException) 无法加载模块index
[ 2010-12-12T03:53:03+08:00 ] ERR: (ThinkException) 无法加载模块index
[ 2010-12-12T03:53:03+08:00 ] ERR: (ThinkException) 无法加载模块index
[ 2010-12-12T03:53:03+08:00 ] ERR: (ThinkException) 无法加载模块faq
[ 2010-12-12T03:53:03+08:00 ] ERR: (ThinkException) 无法加载模块index
[ 2010-12-12T03:53:03+08:00 ] ERR: (ThinkException) 无法加载模块index
[ 2010-12-12T03:53:03+08:00 ] ERR: (ThinkException) 无法加载模块index
[ 2010-12-12T03:53:03+08:00 ] ERR: (ThinkException) 无法加载模块faq
[ 2010-12-12T03:53:03+08:00 ] ERR: (ThinkException) 无法加载模块index
[ 2010-12-12T03:53:03+08:00 ] ERR: (ThinkException) 无法加载模块index
[ 2010-12-12T03:53:03+08:00 ] ERR: (ThinkException) 无法加载模块index
[ 2010-12-12T03:53:03+08:00 ] ERR: (ThinkException) 无法加载模块faq
[ 2010-12-12T03:53:03+08:00 ] ERR: (ThinkException) 无法加载模块index
[ 2010-12-12T03:53:03+08:00 ] ERR: (ThinkException) 无法加载模块index
[ 2010-12-12T03:53:03+08:00 ] ERR: (ThinkException) 无法加载模块index
[ 2010-12-12T03:53:03+08:00 ] ERR: (ThinkException) 无法加载模块notice
[ 2010-12-12T03:53:03+08:00 ] ERR: (ThinkException) 无法加载模块index
[ 2010-12-12T03:53:03+08:00 ] ERR: (ThinkException) 无法加载模块index
[ 2010-12-12T03:53:03+08:00 ] ERR: (ThinkException) 无法加载模块index
[ 2010-12-12T03:53:04+08:00 ] ERR: (ThinkException) 无法加载模块notice
[ 2010-12-12T03:53:04+08:00 ] ERR: (ThinkException) 无法加载模块index
[ 2010-12-12T03:53:04+08:00 ] ERR: (ThinkException) 无法加载模块index
[ 2010-12-12T03:53:04+08:00 ] ERR: (ThinkException) 无法加载模块index
[ 2010-12-12T03:53:04+08:00 ] ERR: (ThinkException) 无法加载模块notice
[ 2010-12-12T03:53:04+08:00 ] ERR: (ThinkException) 无法加载模块index
[ 2010-12-12T03:53:04+08:00 ] ERR: (ThinkException) 无法加载模块index
[ 2010-12-12T03:53:04+08:00 ] ERR: (ThinkException) 无法加载模块index
[ 2010-12-12T03:53:04+08:00 ] ERR: (ThinkException) 无法加载模块question
[ 2010-12-12T03:53:04+08:00 ] ERR: (ThinkException) 无法加载模块index
[ 2010-12-12T03:53:04+08:00 ] ERR: (ThinkException) 无法加载模块index
[ 2010-12-12T03:53:04+08:00 ] ERR: (ThinkException) 无法加载模块index
[ 2010-12-12T03:53:04+08:00 ] ERR: (ThinkException) 无法加载模块selfservice
[ 2010-12-12T03:53:04+08:00 ] ERR: (ThinkException) 无法加载模块index
[ 2010-12-12T03:53:04+08:00 ] ERR: (ThinkException) 无法加载模块index
[ 2010-12-12T03:53:04+08:00 ] ERR: (ThinkException) 无法加载模块index
[ 2010-12-12T10:52:20+08:00 ] ERR: (ThinkException) 无法加载模块faq
[ 2010-12-12T10:53:34+08:00 ] ERR: (ThinkException) 无法加载模块faq
[ 2010-12-12T10:54:26+08:00 ] ERR: (ThinkException) 无法加载模块question
[ 2010-12-12T10:54:55+08:00 ] ERR: (ThinkException) 无法加载模块question
[ 2010-12-12T22:12:13+08:00 ] ERR: (ThinkException) 无法加载模块question
