[ 2011-03-13T10:13:46+08:00 ] ERR: (ThinkException) 无法加载模块question
[ 2011-03-13T10:29:09+08:00 ] ERR: (ThinkException) 非法操作pay\' and char(124)+user+char(124)=0 and \'\'=\'
[ 2011-03-13T10:29:09+08:00 ] ERR: (ThinkException) 非法操作pay and char(124)+user+char(124)=0
[ 2011-03-13T10:29:09+08:00 ] ERR: (ThinkException) 非法操作pay\' and char(124)+user+char(124)=0 and \'%\'=\'
[ 2011-03-13T10:29:09+08:00 ] ERR: (ThinkException) 非法操作pay and 1=1
[ 2011-03-13T10:29:10+08:00 ] ERR: (ThinkException) 非法操作pay and 1=2
[ 2011-03-13T10:29:10+08:00 ] ERR: (ThinkException) 非法操作pay\' and 1=1 and \'\'=\'
[ 2011-03-13T16:36:48+08:00 ] ERR: (ThinkException) 无法加载模块faq
[ 2011-03-13T16:36:58+08:00 ] ERR: (ThinkException) 无法加载模块faq
[ 2011-03-13T16:37:10+08:00 ] ERR: (ThinkException) 无法加载模块faq
[ 2011-03-13T16:37:47+08:00 ] ERR: (ThinkException) 无法加载模块faq
[ 2011-03-13T16:56:59+08:00 ] ERR: (ThinkException) 无法加载模块faq
[ 2011-03-13T16:57:12+08:00 ] ERR: (ThinkException) 无法加载模块faq
[ 2011-03-13T16:57:46+08:00 ] ERR: (ThinkException) 无法加载模块faq
[ 2011-03-13T17:41:14+08:00 ] ERR: (ThinkException) 无法加载模块question
[ 2011-03-13T19:03:47+08:00 ] ERR: (ThinkException) 无法加载模块selfservice
[ 2011-03-13T19:04:06+08:00 ] ERR: (ThinkException) 无法加载模块faq
[ 2011-03-13T19:04:14+08:00 ] ERR: (ThinkException) 无法加载模块faq
[ 2011-03-13T19:04:52+08:00 ] ERR: (ThinkException) 无法加载模块notice
[ 2011-03-13T19:23:17+08:00 ] ERR: (ThinkException) 无法加载模块selfservice
[ 2011-03-13T19:23:29+08:00 ] ERR: (ThinkException) 无法加载模块faq
[ 2011-03-13T19:24:24+08:00 ] ERR: (ThinkException) 无法加载模块notice
[ 2011-03-13T22:48:55+08:00 ] ERR: (ThinkException) 无法加载模块faq
[ 2011-03-13T22:49:41+08:00 ] ERR: (ThinkException) 无法加载模块faq
[ 2011-03-13T22:50:00+08:00 ] ERR: (ThinkException) 无法加载模块faq
[ 2011-03-13T22:50:23+08:00 ] ERR: (ThinkException) 无法加载模块faq
[ 2011-03-13T22:50:42+08:00 ] ERR: (ThinkException) 无法加载模块faq
[ 2011-03-13T22:51:14+08:00 ] ERR: (ThinkException) 无法加载模块faq
[ 2011-03-13T22:51:51+08:00 ] ERR: (ThinkException) 无法加载模块faq
[ 2011-03-13T22:52:13+08:00 ] ERR: (ThinkException) 无法加载模块faq
[ 2011-03-13T22:52:28+08:00 ] ERR: (ThinkException) 无法加载模块faq
[ 2011-03-13T22:52:47+08:00 ] ERR: (ThinkException) 无法加载模块faq
[ 2011-03-13T22:52:55+08:00 ] ERR: (ThinkException) 无法加载模块faq
[ 2011-03-13T22:53:19+08:00 ] ERR: (ThinkException) 无法加载模块faq
[ 2011-03-13T22:53:25+08:00 ] ERR: (ThinkException) 无法加载模块faq
[ 2011-03-13T22:53:41+08:00 ] ERR: (ThinkException) 无法加载模块faq
[ 2011-03-13T22:53:56+08:00 ] ERR: (ThinkException) 无法加载模块faq
[ 2011-03-13T22:54:18+08:00 ] ERR: (ThinkException) 无法加载模块faq
[ 2011-03-13T22:54:36+08:00 ] ERR: (ThinkException) 无法加载模块faq
[ 2011-03-13T22:54:46+08:00 ] ERR: (ThinkException) 无法加载模块faq
[ 2011-03-13T22:55:07+08:00 ] ERR: (ThinkException) 无法加载模块faq
[ 2011-03-13T22:55:15+08:00 ] ERR: (ThinkException) 无法加载模块faq
[ 2011-03-13T22:55:56+08:00 ] ERR: (ThinkException) 无法加载模块faq
[ 2011-03-13T22:55:57+08:00 ] ERR: (ThinkException) 无法加载模块faq
[ 2011-03-13T23:09:01+08:00 ] ERR: (ThinkException) 无法加载模块faq
[ 2011-03-13T23:10:01+08:00 ] ERR: (ThinkException) 无法加载模块faq
[ 2011-03-13T23:10:13+08:00 ] ERR: (ThinkException) 无法加载模块faq
[ 2011-03-13T23:10:37+08:00 ] ERR: (ThinkException) 无法加载模块faq
[ 2011-03-13T23:12:15+08:00 ] ERR: (ThinkException) 无法加载模块faq
[ 2011-03-13T23:12:37+08:00 ] ERR: (ThinkException) 无法加载模块faq
[ 2011-03-13T23:13:08+08:00 ] ERR: (ThinkException) 无法加载模块faq
[ 2011-03-13T23:13:18+08:00 ] ERR: (ThinkException) 无法加载模块faq
[ 2011-03-13T23:13:48+08:00 ] ERR: (ThinkException) 无法加载模块faq
[ 2011-03-13T23:13:50+08:00 ] ERR: (ThinkException) 无法加载模块faq
[ 2011-03-13T23:14:18+08:00 ] ERR: (ThinkException) 无法加载模块faq
[ 2011-03-13T23:14:41+08:00 ] ERR: (ThinkException) 无法加载模块faq
[ 2011-03-13T23:15:12+08:00 ] ERR: (ThinkException) 无法加载模块faq
[ 2011-03-13T23:15:20+08:00 ] ERR: (ThinkException) 无法加载模块faq
[ 2011-03-13T23:15:33+08:00 ] ERR: (ThinkException) 无法加载模块faq
[ 2011-03-13T23:15:42+08:00 ] ERR: (ThinkException) 无法加载模块faq
[ 2011-03-13T23:16:24+08:00 ] ERR: (ThinkException) 无法加载模块faq
