[ 2011-04-21T00:44:06+08:00 ] ERR: (ThinkException) 无法加载模块question
[ 2011-04-21T05:39:51+08:00 ] ERR: (ThinkException) 无法加载模块notice
[ 2011-04-21T05:52:11+08:00 ] ERR: (ThinkException) 无法加载模块question
[ 2011-04-21T05:53:30+08:00 ] ERR: (ThinkException) 无法加载模块question
[ 2011-04-21T06:03:08+08:00 ] ERR: (ThinkException) 无法加载模块question
[ 2011-04-21T08:46:03+08:00 ] ERR: (ThinkException) 无法加载模块notice
[ 2011-04-21T12:32:55+08:00 ] ERR: (ThinkException) 无法加载模块faq
[ 2011-04-21T15:46:55+08:00 ] ERR: (ThinkException) 无法加载模块faq
[ 2011-04-21T15:47:07+08:00 ] ERR: (ThinkException) 无法加载模块faq
[ 2011-04-21T15:47:15+08:00 ] ERR: (ThinkException) 无法加载模块faq
[ 2011-04-21T15:47:48+08:00 ] ERR: (ThinkException) 无法加载模块faq
[ 2011-04-21T15:48:42+08:00 ] ERR: (ThinkException) 无法加载模块faq
[ 2011-04-21T15:48:57+08:00 ] ERR: (ThinkException) 无法加载模块faq
[ 2011-04-21T22:11:05+08:00 ] ERR: (ThinkException) 非法操作send
[ 2011-04-21T22:13:04+08:00 ] ERR: (ThinkException) 非法操作send
[ 2011-04-21T22:53:36+08:00 ] ERR: (ThinkException) 无法加载模块lostpassword
[ 2011-04-21T22:59:06+08:00 ] ERR: (ThinkException) 无法加载模块faq
[ 2011-04-21T23:00:19+08:00 ] ERR: (ThinkException) 无法加载模块faq
[ 2011-04-21T23:24:24+08:00 ] ERR: (ThinkException) 无法加载模块question
[ 2011-04-21T23:25:04+08:00 ] ERR: (ThinkException) 无法加载模块question
