[ 2011-05-11T10:30:41+08:00 ] ERR: (ThinkException) 无法加载模块Test
[ 2011-05-11T16:27:06+08:00 ] ERR: (ThinkException) 无法加载模块notice
[ 2011-05-11T16:27:06+08:00 ] ERR: (ThinkException) 无法加载模块notice
[ 2011-05-11T16:27:06+08:00 ] ERR: (ThinkException) 无法加载模块notice
[ 2011-05-11T16:27:07+08:00 ] ERR: (ThinkException) 无法加载模块faq
[ 2011-05-11T16:27:07+08:00 ] ERR: (ThinkException) 无法加载模块faq
[ 2011-05-11T16:27:08+08:00 ] ERR: (ThinkException) 无法加载模块faq
[ 2011-05-11T16:27:08+08:00 ] ERR: (ThinkException) 无法加载模块faq
[ 2011-05-11T16:27:08+08:00 ] ERR: (ThinkException) 无法加载模块faq
[ 2011-05-11T16:27:08+08:00 ] ERR: (ThinkException) 无法加载模块faq
[ 2011-05-11T16:27:09+08:00 ] ERR: (ThinkException) 无法加载模块faq
[ 2011-05-11T16:27:09+08:00 ] ERR: (ThinkException) 无法加载模块faq
[ 2011-05-11T16:27:09+08:00 ] ERR: (ThinkException) 无法加载模块faq
[ 2011-05-11T16:27:09+08:00 ] ERR: (ThinkException) 无法加载模块faq
[ 2011-05-11T16:27:09+08:00 ] ERR: (ThinkException) 无法加载模块faq
[ 2011-05-11T16:27:09+08:00 ] ERR: (ThinkException) 无法加载模块faq
[ 2011-05-11T16:27:10+08:00 ] ERR: (ThinkException) 无法加载模块faq
[ 2011-05-11T16:27:10+08:00 ] ERR: (ThinkException) 无法加载模块faq
[ 2011-05-11T16:27:10+08:00 ] ERR: (ThinkException) 无法加载模块faq
[ 2011-05-11T16:27:10+08:00 ] ERR: (ThinkException) 无法加载模块question
[ 2011-05-11T16:27:11+08:00 ] ERR: (ThinkException) 无法加载模块faq
[ 2011-05-11T16:27:11+08:00 ] ERR: (ThinkException) 无法加载模块question
[ 2011-05-11T16:27:11+08:00 ] ERR: (ThinkException) 无法加载模块index
[ 2011-05-11T16:27:11+08:00 ] ERR: (ThinkException) 无法加载模块selfservice
