[ 2011-05-28T07:32:35+08:00 ] ERR: (ThinkException) 非法操作strategy=>
[ 2011-05-28T07:32:45+08:00 ] ERR: (ThinkException) 非法操作trick=>防盗指南
[ 2011-05-28T12:43:10+08:00 ] ERR: (ThinkException) Action:?=http您所请求的方法不存在！
[ 2011-05-28T12:43:10+08:00 ] ERR: (ThinkException) Action:?=http您所请求的方法不存在！
[ 2011-05-28T12:43:10+08:00 ] ERR: (ThinkException) Action:?=http您所请求的方法不存在！
[ 2011-05-28T12:43:13+08:00 ] ERR: (ThinkException) Action:?=http您所请求的方法不存在！
[ 2011-05-28T12:43:13+08:00 ] ERR: (ThinkException) 无法加载模块?=http:
[ 2011-05-28T12:43:14+08:00 ] ERR: (ThinkException) 无法加载模块?=http:
[ 2011-05-28T12:43:14+08:00 ] ERR: (ThinkException) 无法加载模块?=http:
[ 2011-05-28T12:43:18+08:00 ] ERR: (ThinkException) 无法加载模块?=http:
[ 2011-05-28T12:43:20+08:00 ] ERR: (ThinkException) 非法操作?=..
[ 2011-05-28T12:43:20+08:00 ] ERR: (ThinkException) 非法操作?=..
[ 2011-05-28T12:43:21+08:00 ] ERR: (ThinkException) 非法操作?=..
[ 2011-05-28T12:43:22+08:00 ] ERR: (ThinkException) 非法操作?=..
[ 2011-05-28T12:45:10+08:00 ] ERR: (ThinkException) Action:?=http您所请求的方法不存在！
[ 2011-05-28T12:45:11+08:00 ] ERR: (ThinkException) Action:?=http您所请求的方法不存在！
[ 2011-05-28T12:45:13+08:00 ] ERR: (ThinkException) 无法加载模块?=http:
[ 2011-05-28T12:45:14+08:00 ] ERR: (ThinkException) 无法加载模块?=http:
[ 2011-05-28T12:45:56+08:00 ] ERR: (ThinkException) 非法操作?=..
[ 2011-05-28T12:46:13+08:00 ] ERR: (ThinkException) 非法操作?=..
