[ 2011-02-23T01:17:46+08:00 ] ERR: (ThinkException) 无法加载模块question
[ 2011-02-23T03:17:23+08:00 ] ERR: (ThinkException) 非法操作pay\' and char(124)+user+char(124)=0 and \'\'=\'
[ 2011-02-23T03:17:24+08:00 ] ERR: (ThinkException) 非法操作pay\'and 1=1 and \'\'=\'
[ 2011-02-23T03:17:25+08:00 ] ERR: (ThinkException) 非法操作pay\'and 1=2 and \'\'=\'
[ 2011-02-23T12:10:46+08:00 ] ERR: (ThinkException) 无法加载模块notice
[ 2011-02-23T12:11:18+08:00 ] ERR: (ThinkException) 无法加载模块notice
[ 2011-02-23T12:27:24+08:00 ] ERR: (ThinkException) 无法加载模块notice
[ 2011-02-23T12:27:52+08:00 ] ERR: (ThinkException) 无法加载模块notice
[ 2011-02-23T14:03:41+08:00 ] ERR: (ThinkException) 无法加载模块question
[ 2011-02-23T14:05:11+08:00 ] ERR: (ThinkException) 无法加载模块question
[ 2011-02-23T14:05:12+08:00 ] ERR: (ThinkException) 无法加载模块question
[ 2011-02-23T14:05:49+08:00 ] ERR: (ThinkException) 无法加载模块faq
[ 2011-02-23T14:14:09+08:00 ] ERR: (ThinkException) 无法加载模块faq
[ 2011-02-23T14:14:19+08:00 ] ERR: (ThinkException) 无法加载模块question
[ 2011-02-23T14:14:21+08:00 ] ERR: (ThinkException) 无法加载模块question
[ 2011-02-23T14:22:23+08:00 ] ERR: (ThinkException) 无法加载模块question
[ 2011-02-23T14:23:51+08:00 ] ERR: (ThinkException) 无法加载模块question
[ 2011-02-23T14:24:25+08:00 ] ERR: (ThinkException) 无法加载模块faq
[ 2011-02-23T14:32:43+08:00 ] ERR: (ThinkException) 无法加载模块faq
[ 2011-02-23T14:33:01+08:00 ] ERR: (ThinkException) 无法加载模块question
[ 2011-02-23T14:33:02+08:00 ] ERR: (ThinkException) 无法加载模块question
[ 2011-02-23T15:26:55+08:00 ] ERR: (ThinkException) 无法加载模块faq
[ 2011-02-23T15:46:20+08:00 ] ERR: (ThinkException) 无法加载模块faq
[ 2011-02-23T17:05:40+08:00 ] ERR: (ThinkException) 非法操作pay\' and char(124)+user+char(124)=0 and \'\'=\'
[ 2011-02-23T17:05:41+08:00 ] ERR: (ThinkException) 非法操作pay and char(124)+user+char(124)=0
[ 2011-02-23T17:05:42+08:00 ] ERR: (ThinkException) 非法操作pay\' and char(124)+user+char(124)=0 and \'%\'=\'
[ 2011-02-23T17:05:42+08:00 ] ERR: (ThinkException) 非法操作pay and 1=1
[ 2011-02-23T17:05:43+08:00 ] ERR: (ThinkException) 非法操作pay and 1=2
[ 2011-02-23T17:05:43+08:00 ] ERR: (ThinkException) 非法操作pay\' and 1=1 and \'\'=\'
