[ 2011-03-06T05:32:34+08:00 ] ERR: (ThinkException) 无法加载模块question
[ 2011-03-06T08:04:11+08:00 ] ERR: (ThinkException) 无法加载模块question
[ 2011-03-06T08:26:54+08:00 ] ERR: (ThinkException) 非法操作trick=
[ 2011-03-06T08:33:48+08:00 ] ERR: (ThinkException) 无法加载模块question
[ 2011-03-06T09:14:28+08:00 ] ERR: (ThinkException) 无法加载模块question
[ 2011-03-06T09:14:33+08:00 ] ERR: (ThinkException) 无法加载模块question
[ 2011-03-06T09:34:25+08:00 ] ERR: (ThinkException) 无法加载模块question
[ 2011-03-06T09:34:26+08:00 ] ERR: (ThinkException) 无法加载模块question
[ 2011-03-06T12:19:40+08:00 ] ERR: (ThinkException) 无法加载模块faq
[ 2011-03-06T12:19:42+08:00 ] ERR: (ThinkException) 无法加载模块faq
[ 2011-03-06T12:19:46+08:00 ] ERR: (ThinkException) 无法加载模块faq
[ 2011-03-06T12:19:58+08:00 ] ERR: (ThinkException) 无法加载模块selfservice
[ 2011-03-06T12:20:45+08:00 ] ERR: (ThinkException) 无法加载模块question
[ 2011-03-06T12:23:15+08:00 ] ERR: (ThinkException) 无法加载模块question
[ 2011-03-06T12:23:23+08:00 ] ERR: (ThinkException) 无法加载模块question
[ 2011-03-06T12:38:46+08:00 ] ERR: (ThinkException) 无法加载模块faq
[ 2011-03-06T12:38:48+08:00 ] ERR: (ThinkException) 无法加载模块faq
[ 2011-03-06T12:39:09+08:00 ] ERR: (ThinkException) 无法加载模块selfservice
[ 2011-03-06T12:39:54+08:00 ] ERR: (ThinkException) 无法加载模块question
[ 2011-03-06T12:42:35+08:00 ] ERR: (ThinkException) 无法加载模块question
[ 2011-03-06T12:42:37+08:00 ] ERR: (ThinkException) 无法加载模块question
[ 2011-03-06T14:50:43+08:00 ] ERR: (ThinkException) 无法加载模块notice
[ 2011-03-06T15:09:53+08:00 ] ERR: (ThinkException) 无法加载模块notice
[ 2011-03-06T17:11:43+08:00 ] ERR: (ThinkException) 无法加载模块question
[ 2011-03-06T17:29:25+08:00 ] ERR: (ThinkException) 无法加载模块question
[ 2011-03-06T17:59:14+08:00 ] ERR: (ThinkException) 无法加载模块question
[ 2011-03-06T18:44:52+08:00 ] ERR: (ThinkException) 无法加载模块faq
[ 2011-03-06T18:45:35+08:00 ] ERR: (ThinkException) 无法加载模块faq
[ 2011-03-06T18:45:35+08:00 ] ERR: (ThinkException) 无法加载模块faq
[ 2011-03-06T18:45:52+08:00 ] ERR: (ThinkException) 无法加载模块faq
[ 2011-03-06T19:02:25+08:00 ] ERR: (ThinkException) 无法加载模块faq
[ 2011-03-06T19:03:11+08:00 ] ERR: (ThinkException) 无法加载模块faq
[ 2011-03-06T19:03:29+08:00 ] ERR: (ThinkException) 无法加载模块faq
