[ 2011-05-26T04:37:14+08:00 ] ERR: (ThinkException) 无法加载模块notice
[ 2011-05-26T04:37:16+08:00 ] ERR: (ThinkException) 无法加载模块notice
[ 2011-05-26T04:37:18+08:00 ] ERR: (ThinkException) 无法加载模块notice
[ 2011-05-26T04:37:20+08:00 ] ERR: (ThinkException) 无法加载模块notice
[ 2011-05-26T11:33:56+08:00 ] ERR: (ThinkException) 非法操作realname\' and \'x\'=\'x
[ 2011-05-26T11:33:57+08:00 ] ERR: (ThinkException) 非法操作realname\' and \'x\'=\'x
[ 2011-05-26T11:33:58+08:00 ] ERR: (ThinkException) 非法操作realname\' and \'x\'=\'x
[ 2011-05-26T11:34:00+08:00 ] ERR: (ThinkException) 非法操作realname\' and \'x\'=\'x
[ 2011-05-26T11:34:01+08:00 ] ERR: (ThinkException) 非法操作realname\' and \'x\'=\'x
[ 2011-05-26T11:34:03+08:00 ] ERR: (ThinkException) 非法操作realname\' and \'x\'=\'b
[ 2011-05-26T11:34:04+08:00 ] ERR: (ThinkException) 非法操作realname\' and \'x\'=\'b
[ 2011-05-26T11:34:05+08:00 ] ERR: (ThinkException) 非法操作realname\' and \'x\'=\'b
[ 2011-05-26T11:34:06+08:00 ] ERR: (ThinkException) 非法操作realname\' and \'x\'=\'b
[ 2011-05-26T11:34:07+08:00 ] ERR: (ThinkException) 非法操作realname\' and \'x\'=\'b
[ 2011-05-26T11:34:20+08:00 ] ERR: (ThinkException) 非法操作realname%\' and \'x%\'=\'x
[ 2011-05-26T11:34:21+08:00 ] ERR: (ThinkException) 非法操作realname%\' and \'x%\'=\'x
[ 2011-05-26T11:34:22+08:00 ] ERR: (ThinkException) 非法操作realname%\' and \'x%\'=\'x
[ 2011-05-26T11:34:24+08:00 ] ERR: (ThinkException) 非法操作realname%\' and \'x%\'=\'x
[ 2011-05-26T11:34:25+08:00 ] ERR: (ThinkException) 非法操作realname%\' and \'x%\'=\'x
[ 2011-05-26T11:34:26+08:00 ] ERR: (ThinkException) 非法操作realname%\' and \'xx\'=\'
[ 2011-05-26T11:34:27+08:00 ] ERR: (ThinkException) 非法操作realname%\' and \'xx\'=\'
[ 2011-05-26T11:34:28+08:00 ] ERR: (ThinkException) 非法操作realname%\' and \'xx\'=\'
[ 2011-05-26T11:34:28+08:00 ] ERR: (ThinkException) 非法操作realname%\' and \'xx\'=\'
[ 2011-05-26T11:34:29+08:00 ] ERR: (ThinkException) 非法操作realname%\' and \'xx\'=\'
[ 2011-05-26T12:42:38+08:00 ] ERR: (ThinkException) 无法加载模块http:
[ 2011-05-26T22:04:22+08:00 ] ERR: (ThinkException) Action:realnamestyle=font-size您所请求的方法不存在！
