[ 2011-04-27T13:04:04+08:00 ] ERR: (ThinkException) 无法加载模块faq
[ 2011-04-27T13:04:13+08:00 ] ERR: (ThinkException) 无法加载模块faq
[ 2011-04-27T13:15:47+08:00 ] ERR: (ThinkException) 无法加载模块notice
[ 2011-04-27T16:23:36+08:00 ] ERR: (ThinkException) Action:https您所请求的方法不存在！
[ 2011-04-27T16:24:36+08:00 ] ERR: (ThinkException) 非法操作error0
[ 2011-04-27T16:28:04+08:00 ] ERR: (ThinkException) Action:https您所请求的方法不存在！
[ 2011-04-27T16:52:29+08:00 ] ERR: (ThinkException) 无法加载模块question
[ 2011-04-27T20:07:08+08:00 ] ERR: (ThinkException) 无法加载模块faq
[ 2011-04-27T20:07:41+08:00 ] ERR: (ThinkException) 无法加载模块faq
[ 2011-04-27T20:08:12+08:00 ] ERR: (ThinkException) 无法加载模块faq
[ 2011-04-27T20:09:17+08:00 ] ERR: (ThinkException) 无法加载模块faq
[ 2011-04-27T20:09:20+08:00 ] ERR: (ThinkException) 无法加载模块faq
[ 2011-04-27T20:09:28+08:00 ] ERR: (ThinkException) 无法加载模块faq
[ 2011-04-27T20:09:38+08:00 ] ERR: (ThinkException) 无法加载模块faq
[ 2011-04-27T20:09:49+08:00 ] ERR: (ThinkException) 无法加载模块faq
[ 2011-04-27T20:09:55+08:00 ] ERR: (ThinkException) 无法加载模块faq
[ 2011-04-27T20:09:57+08:00 ] ERR: (ThinkException) 无法加载模块faq
[ 2011-04-27T20:10:07+08:00 ] ERR: (ThinkException) 无法加载模块faq
[ 2011-04-27T20:10:16+08:00 ] ERR: (ThinkException) 无法加载模块faq
[ 2011-04-27T20:10:31+08:00 ] ERR: (ThinkException) 无法加载模块faq
[ 2011-04-27T20:10:46+08:00 ] ERR: (ThinkException) 无法加载模块faq
[ 2011-04-27T20:10:50+08:00 ] ERR: (ThinkException) 无法加载模块faq
[ 2011-04-27T20:11:14+08:00 ] ERR: (ThinkException) 无法加载模块faq
[ 2011-04-27T20:11:30+08:00 ] ERR: (ThinkException) 无法加载模块faq
[ 2011-04-27T20:44:47+08:00 ] ERR: (ThinkException) 无法加载模块faq
[ 2011-04-27T20:45:10+08:00 ] ERR: (ThinkException) 无法加载模块faq
[ 2011-04-27T20:45:25+08:00 ] ERR: (ThinkException) 无法加载模块faq
[ 2011-04-27T20:45:38+08:00 ] ERR: (ThinkException) 无法加载模块faq
[ 2011-04-27T20:45:40+08:00 ] ERR: (ThinkException) 无法加载模块faq
[ 2011-04-27T20:47:23+08:00 ] ERR: (ThinkException) 无法加载模块faq
[ 2011-04-27T20:47:26+08:00 ] ERR: (ThinkException) 无法加载模块faq
[ 2011-04-27T20:47:48+08:00 ] ERR: (ThinkException) 无法加载模块faq
[ 2011-04-27T20:47:53+08:00 ] ERR: (ThinkException) 无法加载模块faq
[ 2011-04-27T20:48:28+08:00 ] ERR: (ThinkException) 无法加载模块question
[ 2011-04-27T22:03:39+08:00 ] ERR: (ThinkException) 无法加载模块notice
[ 2011-04-27T22:37:52+08:00 ] ERR: (ThinkException) 无法加载模块question
