[ 2011-04-02T03:34:26+08:00 ] ERR: (ThinkException) 无法加载模块notice
[ 2011-04-02T03:47:51+08:00 ] ERR: (ThinkException) 无法加载模块faq
[ 2011-04-02T03:48:03+08:00 ] ERR: (ThinkException) 无法加载模块faq
[ 2011-04-02T03:48:21+08:00 ] ERR: (ThinkException) 无法加载模块faq
[ 2011-04-02T03:48:34+08:00 ] ERR: (ThinkException) 无法加载模块faq
[ 2011-04-02T05:12:13+08:00 ] ERR: (ThinkException) 非法操作trick=
[ 2011-04-02T18:13:40+08:00 ] ERR: (ThinkException) 非法操作tick
[ 2011-04-02T22:03:57+08:00 ] ERR: (ThinkException) 无法加载模块question
[ 2011-04-02T22:16:15+08:00 ] ERR: (ThinkException) 无法加载模块question
[ 2011-04-02T23:30:23+08:00 ] ERR: (ThinkException) 无法加载模块question
[ 2011-04-02T23:30:29+08:00 ] ERR: (ThinkException) 无法加载模块faq
[ 2011-04-02T23:30:36+08:00 ] ERR: (ThinkException) 无法加载模块faq
[ 2011-04-02T23:30:42+08:00 ] ERR: (ThinkException) 无法加载模块faq
[ 2011-04-02T23:30:48+08:00 ] ERR: (ThinkException) 无法加载模块faq
[ 2011-04-02T23:30:50+08:00 ] ERR: (ThinkException) 无法加载模块faq
[ 2011-04-02T23:30:57+08:00 ] ERR: (ThinkException) 无法加载模块faq
[ 2011-04-02T23:31:09+08:00 ] ERR: (ThinkException) 无法加载模块faq
[ 2011-04-02T23:34:32+08:00 ] ERR: (ThinkException) 无法加载模块question
[ 2011-04-02T23:34:37+08:00 ] ERR: (ThinkException) 无法加载模块faq
[ 2011-04-02T23:34:40+08:00 ] ERR: (ThinkException) 无法加载模块selfservice
