[ 2011-05-05T00:18:12+08:00 ] ERR: (ThinkException) 无法加载模块question
[ 2011-05-05T00:26:10+08:00 ] ERR: (ThinkException) 无法加载模块question
[ 2011-05-05T00:33:57+08:00 ] ERR: (ThinkException) 无法加载模块question
[ 2011-05-05T07:55:14+08:00 ] ERR: (ThinkException) 非法操作Public
[ 2011-05-05T07:58:02+08:00 ] ERR: (ThinkException) 非法操作Public
[ 2011-05-05T08:04:34+08:00 ] ERR: (ThinkException) 非法操作Public
[ 2011-05-05T08:52:28+08:00 ] ERR: (ThinkException) 无法加载模块notice
[ 2011-05-05T09:42:47+08:00 ] ERR: (ThinkException) 无法加载模块faq
[ 2011-05-05T09:43:09+08:00 ] ERR: (ThinkException) 无法加载模块faq
[ 2011-05-05T10:12:59+08:00 ] ERR: (ThinkException) 无法加载模块selfservice
[ 2011-05-05T10:13:56+08:00 ] ERR: (ThinkException) 无法加载模块faq
[ 2011-05-05T11:23:47+08:00 ] ERR: (ThinkException) 无法加载模块question
[ 2011-05-05T11:23:52+08:00 ] ERR: (ThinkException) 无法加载模块question
[ 2011-05-05T15:20:44+08:00 ] ERR: (ThinkException) 非法操作Public
[ 2011-05-05T15:57:30+08:00 ] ERR: (ThinkException) 非法操作Public
[ 2011-05-05T20:53:32+08:00 ] ERR: (ThinkException) 无法加载模块faq
[ 2011-05-05T20:53:38+08:00 ] ERR: (ThinkException) 无法加载模块faq
[ 2011-05-05T20:53:56+08:00 ] ERR: (ThinkException) 无法加载模块faq
[ 2011-05-05T20:54:08+08:00 ] ERR: (ThinkException) 无法加载模块faq
[ 2011-05-05T20:54:11+08:00 ] ERR: (ThinkException) 无法加载模块faq
[ 2011-05-05T21:01:16+08:00 ] ERR: (ThinkException) 无法加载模块faq
[ 2011-05-05T21:02:01+08:00 ] ERR: (ThinkException) 无法加载模块question
[ 2011-05-05T21:12:49+08:00 ] ERR: (ThinkException) Action:realnamestyle=font-size您所请求的方法不存在！
[ 2011-05-05T21:45:19+08:00 ] ERR: (ThinkException) 无法加载模块faq
[ 2011-05-05T21:45:22+08:00 ] ERR: (ThinkException) 无法加载模块faq
[ 2011-05-05T21:45:58+08:00 ] ERR: (ThinkException) 无法加载模块faq
