[ 2011-03-21T02:04:05+08:00 ] ERR: (ThinkException) 非法操作strategy\'
[ 2011-03-21T10:32:13+08:00 ] ERR: (ThinkException) 无法加载模块selfservice
[ 2011-03-21T10:32:25+08:00 ] ERR: (ThinkException) 无法加载模块faq
[ 2011-03-21T10:32:29+08:00 ] ERR: (ThinkException) 无法加载模块faq
[ 2011-03-21T10:50:52+08:00 ] ERR: (ThinkException) 无法加载模块selfservice
[ 2011-03-21T12:36:03+08:00 ] ERR: (ThinkException) 无法加载模块question
[ 2011-03-21T12:55:10+08:00 ] ERR: (ThinkException) 无法加载模块question
[ 2011-03-21T12:55:41+08:00 ] ERR: (ThinkException) 无法加载模块question
[ 2011-03-21T12:56:33+08:00 ] ERR: (ThinkException) 无法加载模块question
[ 2011-03-21T12:57:26+08:00 ] ERR: (ThinkException) 无法加载模块question
[ 2011-03-21T13:15:18+08:00 ] ERR: (ThinkException) 无法加载模块question
[ 2011-03-21T15:18:31+08:00 ] ERR: (ThinkException) 无法加载模块notice
[ 2011-03-21T15:18:39+08:00 ] ERR: (ThinkException) 无法加载模块notice
[ 2011-03-21T15:19:42+08:00 ] ERR: (ThinkException) 无法加载模块faq
[ 2011-03-21T15:37:29+08:00 ] ERR: (ThinkException) 无法加载模块notice
[ 2011-03-21T17:04:07+08:00 ] ERR: (ThinkException) 无法加载模块http:
[ 2011-03-21T17:04:09+08:00 ] ERR: (ThinkException) 无法加载模块..
[ 2011-03-21T17:04:12+08:00 ] ERR: (ThinkException) 无法加载模块..
[ 2011-03-21T19:29:40+08:00 ] ERR: (ThinkException) 无法加载模块question
[ 2011-03-21T20:22:49+08:00 ] ERR: (ThinkException) 无法加载模块faq
[ 2011-03-21T20:22:49+08:00 ] ERR: (ThinkException) 无法加载模块faq
