[ 2011-03-03T00:36:35+08:00 ] ERR: (ThinkException) 无法加载模块faq
[ 2011-03-03T00:36:44+08:00 ] ERR: (ThinkException) 无法加载模块faq
[ 2011-03-03T00:37:00+08:00 ] ERR: (ThinkException) 无法加载模块selfservice
[ 2011-03-03T00:52:37+08:00 ] ERR: (ThinkException) 无法加载模块faq
[ 2011-03-03T00:52:46+08:00 ] ERR: (ThinkException) 无法加载模块faq
[ 2011-03-03T00:52:56+08:00 ] ERR: (ThinkException) 无法加载模块selfservice
[ 2011-03-03T13:07:15+08:00 ] ERR: (ThinkException) 无法加载模块faq
[ 2011-03-03T17:08:24+08:00 ] ERR: (ThinkException) 无法加载模块notice
[ 2011-03-03T17:30:12+08:00 ] ERR: (ThinkException) 无法加载模块notice
[ 2011-03-03T19:58:39+08:00 ] ERR: (ThinkException) 无法加载模块question
[ 2011-03-03T20:03:30+08:00 ] ERR: (ThinkException) 无法加载模块question
[ 2011-03-03T20:19:00+08:00 ] ERR: (ThinkException) 无法加载模块question
[ 2011-03-03T20:21:54+08:00 ] ERR: (ThinkException) 无法加载模块question
[ 2011-03-03T20:26:46+08:00 ] ERR: (ThinkException) 无法加载模块question
[ 2011-03-03T20:45:36+08:00 ] ERR: (ThinkException) 无法加载模块question
[ 2011-03-03T21:09:39+08:00 ] ERR: (ThinkException) 无法加载模块question
[ 2011-03-03T21:41:12+08:00 ] ERR: (ThinkException) 无法加载模块question
[ 2011-03-03T21:41:22+08:00 ] ERR: (ThinkException) 无法加载模块question
[ 2011-03-03T21:41:35+08:00 ] ERR: (ThinkException) 无法加载模块question
[ 2011-03-03T21:41:56+08:00 ] ERR: (ThinkException) 无法加载模块question
[ 2011-03-03T21:41:59+08:00 ] ERR: (ThinkException) 无法加载模块question
[ 2011-03-03T22:04:45+08:00 ] ERR: (ThinkException) 无法加载模块question
[ 2011-03-03T22:05:07+08:00 ] ERR: (ThinkException) 无法加载模块question
[ 2011-03-03T23:41:45+08:00 ] ERR: (ThinkException) 非法操作pay=
