[ 2011-01-03T00:18:53+08:00 ] ERR: (ThinkException) 无法加载模块faq
[ 2011-01-03T00:18:53+08:00 ] ERR: (ThinkException) 无法加载模块question
[ 2011-01-03T00:18:53+08:00 ] ERR: (ThinkException) 无法加载模块faq
[ 2011-01-03T00:18:53+08:00 ] ERR: (ThinkException) 无法加载模块selfservice
[ 2011-01-03T00:18:53+08:00 ] ERR: (ThinkException) 无法加载模块faq
[ 2011-01-03T00:18:53+08:00 ] ERR: (ThinkException) 无法加载模块faq
[ 2011-01-03T00:18:53+08:00 ] ERR: (ThinkException) 无法加载模块faq
[ 2011-01-03T00:18:53+08:00 ] ERR: (ThinkException) 无法加载模块faq
[ 2011-01-03T00:18:53+08:00 ] ERR: (ThinkException) 无法加载模块faq
[ 2011-01-03T00:18:53+08:00 ] ERR: (ThinkException) 无法加载模块faq
[ 2011-01-03T00:18:53+08:00 ] ERR: (ThinkException) 无法加载模块faq
[ 2011-01-03T00:18:53+08:00 ] ERR: (ThinkException) 无法加载模块faq
[ 2011-01-03T00:18:53+08:00 ] ERR: (ThinkException) 无法加载模块faq
[ 2011-01-03T00:18:53+08:00 ] ERR: (ThinkException) 无法加载模块faq
[ 2011-01-03T00:18:53+08:00 ] ERR: (ThinkException) 无法加载模块notice
[ 2011-01-03T00:18:53+08:00 ] ERR: (ThinkException) 无法加载模块notice
[ 2011-01-03T00:18:53+08:00 ] ERR: (ThinkException) 无法加载模块notice
[ 2011-01-03T00:18:58+08:00 ] ERR: (ThinkException) 无法加载模块question
[ 2011-01-03T00:19:00+08:00 ] ERR: (ThinkException) 无法加载模块question
[ 2011-01-03T00:19:06+08:00 ] ERR: (ThinkException) 无法加载模块notice
[ 2011-01-03T00:19:07+08:00 ] ERR: (ThinkException) 无法加载模块question
[ 2011-01-03T00:20:35+08:00 ] ERR: (ThinkException) 无法加载模块question
[ 2011-01-03T00:20:36+08:00 ] ERR: (ThinkException) 无法加载模块index
[ 2011-01-03T17:28:47+08:00 ] ERR: (ThinkException) 无法加载模块faq
[ 2011-01-03T21:12:58+08:00 ] ERR: (ThinkException) 无法加载模块selfservice
[ 2011-01-03T21:13:04+08:00 ] ERR: (ThinkException) 无法加载模块faq
[ 2011-01-03T21:13:08+08:00 ] ERR: (ThinkException) 无法加载模块faq
[ 2011-01-03T21:13:14+08:00 ] ERR: (ThinkException) 无法加载模块faq
[ 2011-01-03T21:13:19+08:00 ] ERR: (ThinkException) 无法加载模块faq
[ 2011-01-03T21:27:54+08:00 ] ERR: (ThinkException) 无法加载模块selfservice
[ 2011-01-03T21:28:04+08:00 ] ERR: (ThinkException) 无法加载模块faq
[ 2011-01-03T21:28:08+08:00 ] ERR: (ThinkException) 无法加载模块faq
[ 2011-01-03T21:28:11+08:00 ] ERR: (ThinkException) 无法加载模块faq
[ 2011-01-03T21:28:17+08:00 ] ERR: (ThinkException) 无法加载模块faq
[ 2011-01-03T23:23:52+08:00 ] ERR: (ThinkException) 无法加载模块question
[ 2011-01-03T23:29:18+08:00 ] ERR: (ThinkException) 无法加载模块question
