[ 2011-01-13T12:26:49+08:00 ] ERR: (ThinkException) 无法加载模块question
[ 2011-01-13T12:26:50+08:00 ] ERR: (ThinkException) 无法加载模块question
[ 2011-01-13T12:27:12+08:00 ] ERR: (ThinkException) 无法加载模块faq
[ 2011-01-13T12:27:15+08:00 ] ERR: (ThinkException) 无法加载模块faq
[ 2011-01-13T12:27:44+08:00 ] ERR: (ThinkException) 无法加载模块faq
[ 2011-01-13T12:27:44+08:00 ] ERR: (ThinkException) 无法加载模块faq
[ 2011-01-13T12:28:02+08:00 ] ERR: (ThinkException) 无法加载模块faq
[ 2011-01-13T12:28:09+08:00 ] ERR: (ThinkException) 无法加载模块faq
[ 2011-01-13T12:28:13+08:00 ] ERR: (ThinkException) 无法加载模块faq
[ 2011-01-13T12:28:16+08:00 ] ERR: (ThinkException) 无法加载模块faq
[ 2011-01-13T12:28:16+08:00 ] ERR: (ThinkException) 无法加载模块faq
[ 2011-01-13T12:28:19+08:00 ] ERR: (ThinkException) 无法加载模块faq
[ 2011-01-13T12:28:20+08:00 ] ERR: (ThinkException) 无法加载模块notice
[ 2011-01-13T12:28:21+08:00 ] ERR: (ThinkException) 无法加载模块notice
[ 2011-01-13T12:28:33+08:00 ] ERR: (ThinkException) 无法加载模块selfservice
[ 2011-01-13T12:28:35+08:00 ] ERR: (ThinkException) 无法加载模块selfservice
[ 2011-01-13T14:40:25+08:00 ] ERR: (ThinkException) 无法加载模块question
[ 2011-01-13T14:40:30+08:00 ] ERR: (ThinkException) 无法加载模块question
[ 2011-01-13T14:50:11+08:00 ] ERR: (ThinkException) 无法加载模块question
[ 2011-01-13T18:35:20+08:00 ] ERR: (ThinkException) Lost connection to MySQL server at 'reading initial communication packet', system error: 110
[ 2011-01-13T18:41:15+08:00 ] ERR: (ThinkException) Lost connection to MySQL server at 'reading initial communication packet', system error: 110
[ 2011-01-13T18:49:11+08:00 ] ERR: (ThinkException) Lost connection to MySQL server at 'reading initial communication packet', system error: 110
[ 2011-01-13T18:49:20+08:00 ] ERR: (ThinkException) Lost connection to MySQL server at 'reading initial communication packet', system error: 110
[ 2011-01-13T18:58:12+08:00 ] ERR: (ThinkException) Lost connection to MySQL server at 'reading initial communication packet', system error: 110
[ 2011-01-13T19:00:07+08:00 ] ERR: (ThinkException) Lost connection to MySQL server at 'reading initial communication packet', system error: 110
[ 2011-01-13T19:02:00+08:00 ] ERR: (ThinkException) Lost connection to MySQL server at 'reading initial communication packet', system error: 110
[ 2011-01-13T19:03:53+08:00 ] ERR: (ThinkException) 无法加载模块question
[ 2011-01-13T19:05:19+08:00 ] ERR: (ThinkException) Lost connection to MySQL server at 'reading initial communication packet', system error: 110
[ 2011-01-13T19:06:13+08:00 ] ERR: (ThinkException) Can't connect to MySQL server on '119.145.139.116' (4)
[ 2011-01-13T19:12:56+08:00 ] ERR: (ThinkException) 无法加载模块question
