[ 2012-07-03T11:53:44+08:00 ] NOTIC: [8] Undefined index:  dovo_UserName BaseAction.class.php 第 13 行.
[ 2012-07-03T11:53:44+08:00 ] SQL:  RunTime:0.100177s SQL = SHOW COLUMNS FROM cndw_player_faq
[ 2012-07-03T11:53:44+08:00 ] SQL:  RunTime:0.043643s SQL = SHOW COLUMNS FROM cndw_sysconfig
[ 2012-07-03T11:53:44+08:00 ] NOTIC: [8] Array to string conversion Db.class.php 第 517 行.
[ 2012-07-03T11:53:44+08:00 ] SQL:  RunTime:0.318993s SQL = SELECT * FROM `cndw_player_faq` WHERE ( `lang_id` = 1 ) AND ( (`status` >= 0) AND (`status` <= 1)  ) AND ( `game_type_id` IN (1,2,6,7,9,8,10,21) ) ORDER BY ratio desc LIMIT 20 
[ 2012-07-03T11:53:44+08:00 ] SQL:  RunTime:0.042601s SQL = SHOW COLUMNS FROM cndw_question_types
[ 2012-07-03T11:53:45+08:00 ] NOTIC: [8] Undefined variable: _page_title 972c8cf98e4871a830fafeb7278fd4ae.php 第 5 行.
[ 2012-07-03T11:53:45+08:00 ] NOTIC: [8] Undefined variable: username 972c8cf98e4871a830fafeb7278fd4ae.php 第 39 行.
[ 2012-07-03T11:53:45+08:00 ] NOTIC: [8] Undefined variable: waitCount 972c8cf98e4871a830fafeb7278fd4ae.php 第 86 行.
[ 2012-07-03T11:53:45+08:00 ] NOTIC: [8] Undefined variable: haveCount 972c8cf98e4871a830fafeb7278fd4ae.php 第 87 行.
[ 2012-07-03T11:53:48+08:00 ] NOTIC: [8] Undefined index:  dovo_UserName BaseAction.class.php 第 13 行.
[ 2012-07-03T11:53:48+08:00 ] SQL:  RunTime:0.002018s SQL = SHOW COLUMNS FROM cndw_player_faq
[ 2012-07-03T11:53:48+08:00 ] SQL:  RunTime:0.001953s SQL = SHOW COLUMNS FROM cndw_question_types
[ 2012-07-03T11:53:48+08:00 ] SQL:  RunTime:0.001977s SQL = SHOW COLUMNS FROM cndw_sysconfig
[ 2012-07-03T11:53:48+08:00 ] NOTIC: [8] Undefined variable: _page_title 972c8cf98e4871a830fafeb7278fd4ae.php 第 5 行.
[ 2012-07-03T11:53:48+08:00 ] NOTIC: [8] Undefined variable: username 972c8cf98e4871a830fafeb7278fd4ae.php 第 39 行.
[ 2012-07-03T11:53:48+08:00 ] NOTIC: [8] Undefined variable: waitCount 972c8cf98e4871a830fafeb7278fd4ae.php 第 86 行.
[ 2012-07-03T11:53:48+08:00 ] NOTIC: [8] Undefined variable: haveCount 972c8cf98e4871a830fafeb7278fd4ae.php 第 87 行.
[ 2012-07-03T13:34:47+08:00 ] NOTIC: [8] Undefined index:  dovo_UserName BaseAction.class.php 第 13 行.
[ 2012-07-03T13:34:47+08:00 ] SQL:  RunTime:0.020193s SQL = SHOW COLUMNS FROM cndw_player_faq
[ 2012-07-03T13:34:47+08:00 ] SQL:  RunTime:0.062382s SQL = SHOW COLUMNS FROM cndw_question_types
[ 2012-07-03T13:34:47+08:00 ] SQL:  RunTime:0.024655s SQL = SHOW COLUMNS FROM cndw_sysconfig
[ 2012-07-03T13:34:47+08:00 ] NOTIC: [8] Undefined variable: _page_title 972c8cf98e4871a830fafeb7278fd4ae.php 第 5 行.
[ 2012-07-03T13:34:47+08:00 ] NOTIC: [8] Undefined variable: username 972c8cf98e4871a830fafeb7278fd4ae.php 第 39 行.
[ 2012-07-03T13:34:47+08:00 ] NOTIC: [8] Undefined variable: waitCount 972c8cf98e4871a830fafeb7278fd4ae.php 第 86 行.
[ 2012-07-03T13:34:47+08:00 ] NOTIC: [8] Undefined variable: haveCount 972c8cf98e4871a830fafeb7278fd4ae.php 第 87 行.
[ 2012-07-03T13:34:55+08:00 ] NOTIC: [8] Undefined index:  dovo_UserName BaseAction.class.php 第 13 行.
[ 2012-07-03T13:34:55+08:00 ] SQL:  RunTime:0.001939s SQL = SHOW COLUMNS FROM cndw_player_faq
[ 2012-07-03T13:34:55+08:00 ] SQL:  RunTime:0.001748s SQL = SHOW COLUMNS FROM cndw_question_types
[ 2012-07-03T13:34:55+08:00 ] SQL:  RunTime:0.001782s SQL = SHOW COLUMNS FROM cndw_sysconfig
[ 2012-07-03T13:34:55+08:00 ] NOTIC: [8] Undefined variable: _page_title 972c8cf98e4871a830fafeb7278fd4ae.php 第 5 行.
[ 2012-07-03T13:34:55+08:00 ] NOTIC: [8] Undefined variable: username 972c8cf98e4871a830fafeb7278fd4ae.php 第 39 行.
[ 2012-07-03T13:34:55+08:00 ] NOTIC: [8] Undefined variable: waitCount 972c8cf98e4871a830fafeb7278fd4ae.php 第 86 行.
[ 2012-07-03T13:34:55+08:00 ] NOTIC: [8] Undefined variable: haveCount 972c8cf98e4871a830fafeb7278fd4ae.php 第 87 行.
[ 2012-07-03T13:34:56+08:00 ] NOTIC: [8] Undefined index:  dovo_UserName BaseAction.class.php 第 13 行.
[ 2012-07-03T13:34:56+08:00 ] SQL:  RunTime:0.001983s SQL = SHOW COLUMNS FROM cndw_player_faq
[ 2012-07-03T13:34:56+08:00 ] SQL:  RunTime:0.001850s SQL = SHOW COLUMNS FROM cndw_question_types
[ 2012-07-03T13:34:56+08:00 ] SQL:  RunTime:0.001762s SQL = SHOW COLUMNS FROM cndw_sysconfig
[ 2012-07-03T13:34:56+08:00 ] NOTIC: [8] Undefined variable: _page_title 972c8cf98e4871a830fafeb7278fd4ae.php 第 5 行.
[ 2012-07-03T13:34:56+08:00 ] NOTIC: [8] Undefined variable: username 972c8cf98e4871a830fafeb7278fd4ae.php 第 39 行.
[ 2012-07-03T13:34:56+08:00 ] NOTIC: [8] Undefined variable: waitCount 972c8cf98e4871a830fafeb7278fd4ae.php 第 86 行.
[ 2012-07-03T13:34:56+08:00 ] NOTIC: [8] Undefined variable: haveCount 972c8cf98e4871a830fafeb7278fd4ae.php 第 87 行.
[ 2012-07-03T13:48:21+08:00 ] SQL:  RunTime:0.002767s SQL = SHOW COLUMNS FROM cndw_work_order
[ 2012-07-03T13:48:21+08:00 ] NOTIC: [8] Array to string conversion Db.class.php 第 517 行.
[ 2012-07-03T13:48:21+08:00 ] SQL:  RunTime:0.016939s SQL = SELECT COUNT(*) AS tp_count FROM `cndw_work_order` WHERE ( `user_account` = '291518452@qq.com' ) AND ( `operator_id` = 9 ) AND ( `source` = 1 ) AND ( (`status` >= 1) AND (`status` <= 2)  ) LIMIT 1 
[ 2012-07-03T13:48:21+08:00 ] SQL:  RunTime:0.000640s SQL = SELECT COUNT(*) AS tp_count FROM `cndw_work_order` WHERE ( `user_account` = '291518452@qq.com' ) AND ( `operator_id` = 9 ) AND ( `source` = 1 ) AND ( `status` = 3 ) LIMIT 1 
[ 2012-07-03T13:48:22+08:00 ] SQL:  RunTime:0.002064s SQL = SHOW COLUMNS FROM cndw_sysconfig
[ 2012-07-03T13:48:22+08:00 ] SQL:  RunTime:0.002056s SQL = SHOW COLUMNS FROM cndw_question_types
[ 2012-07-03T13:48:22+08:00 ] SQL:  RunTime:0.023053s SQL = SELECT * FROM `cndw_question_types`
[ 2012-07-03T13:48:22+08:00 ] NOTIC: [8] Undefined index:  game_type_id QuestionAction.class.php 第 56 行.
[ 2012-07-03T13:48:22+08:00 ] NOTIC: [8] Undefined index:  q_type QuestionAction.class.php 第 57 行.
[ 2012-07-03T13:48:22+08:00 ] NOTIC: [8] Undefined variable: _page_title 972c8cf98e4871a830fafeb7278fd4ae.php 第 5 行.
[ 2012-07-03T13:48:22+08:00 ] NOTIC: [8] Undefined variable: selectedGameTypeId 972c8cf98e4871a830fafeb7278fd4ae.php 第 120 行.
[ 2012-07-03T13:48:22+08:00 ] NOTIC: [8] Undefined variable: selectedQType 972c8cf98e4871a830fafeb7278fd4ae.php 第 121 行.
[ 2012-07-03T13:48:29+08:00 ] SQL:  RunTime:0.002218s SQL = SHOW COLUMNS FROM cndw_work_order
[ 2012-07-03T13:48:29+08:00 ] NOTIC: [8] Array to string conversion Db.class.php 第 517 行.
[ 2012-07-03T13:48:29+08:00 ] SQL:  RunTime:0.000951s SQL = SELECT COUNT(*) AS tp_count FROM `cndw_work_order` WHERE ( `user_account` = '291518452@qq.com' ) AND ( `operator_id` = 9 ) AND ( `source` = 1 ) AND ( (`status` >= 1) AND (`status` <= 2)  ) LIMIT 1 
[ 2012-07-03T13:48:29+08:00 ] SQL:  RunTime:0.000752s SQL = SELECT COUNT(*) AS tp_count FROM `cndw_work_order` WHERE ( `user_account` = '291518452@qq.com' ) AND ( `operator_id` = 9 ) AND ( `source` = 1 ) AND ( `status` = 3 ) LIMIT 1 
[ 2012-07-03T13:48:29+08:00 ] SQL:  RunTime:0.001857s SQL = SHOW COLUMNS FROM cndw_sysconfig
[ 2012-07-03T13:48:29+08:00 ] SQL:  RunTime:0.041601s SQL = SHOW COLUMNS FROM cndw_gameser_list
[ 2012-07-03T13:48:29+08:00 ] SQL:  RunTime:0.017545s SQL = SELECT * FROM `cndw_gameser_list` WHERE game_type_id=8 and operator_id=9 and marking !='' and server_url !='' 
[ 2012-07-03T13:48:29+08:00 ] SQL:  RunTime:0.001759s SQL = SHOW COLUMNS FROM cndw_sysconfig
[ 2012-07-03T13:48:29+08:00 ] NOTIC: [8] Trying to get property of non-object ServerSelect.class.php 第 93 行.
[ 2012-07-03T13:48:29+08:00 ] NOTIC: [2] Invalid argument supplied for foreach() ServerSelect.class.php 第 94 行.
[ 2012-07-03T13:48:29+08:00 ] NOTIC: [2048] Only variables should be passed by reference ServerSelect.class.php 第 66 行.
[ 2012-07-03T13:48:29+08:00 ] NOTIC: [2] array_key_exists() [<a href='function.array-key-exists'>function.array-key-exists</a>]: The second argument should be either an array or an object ServerSelect.class.php 第 68 行.
[ 2012-07-03T13:48:29+08:00 ] NOTIC: [2048] Only variables should be passed by reference ServerSelect.class.php 第 66 行.
[ 2012-07-03T13:48:29+08:00 ] NOTIC: [2] array_key_exists() [<a href='function.array-key-exists'>function.array-key-exists</a>]: The second argument should be either an array or an object ServerSelect.class.php 第 68 行.
[ 2012-07-03T13:48:29+08:00 ] NOTIC: [2048] Only variables should be passed by reference ServerSelect.class.php 第 66 行.
[ 2012-07-03T13:48:29+08:00 ] NOTIC: [2] array_key_exists() [<a href='function.array-key-exists'>function.array-key-exists</a>]: The second argument should be either an array or an object ServerSelect.class.php 第 68 行.
[ 2012-07-03T13:48:29+08:00 ] NOTIC: [2048] Only variables should be passed by reference ServerSelect.class.php 第 66 行.
[ 2012-07-03T13:48:29+08:00 ] NOTIC: [2] array_key_exists() [<a href='function.array-key-exists'>function.array-key-exists</a>]: The second argument should be either an array or an object ServerSelect.class.php 第 68 行.
[ 2012-07-03T13:48:29+08:00 ] NOTIC: [2048] Only variables should be passed by reference ServerSelect.class.php 第 66 行.
[ 2012-07-03T13:48:29+08:00 ] NOTIC: [2] array_key_exists() [<a href='function.array-key-exists'>function.array-key-exists</a>]: The second argument should be either an array or an object ServerSelect.class.php 第 68 行.
[ 2012-07-03T13:48:33+08:00 ] SQL:  RunTime:0.002323s SQL = SHOW COLUMNS FROM cndw_work_order
[ 2012-07-03T13:48:33+08:00 ] NOTIC: [8] Array to string conversion Db.class.php 第 517 行.
[ 2012-07-03T13:48:33+08:00 ] SQL:  RunTime:0.001806s SQL = SELECT COUNT(*) AS tp_count FROM `cndw_work_order` WHERE ( `user_account` = '291518452@qq.com' ) AND ( `operator_id` = 9 ) AND ( `source` = 1 ) AND ( (`status` >= 1) AND (`status` <= 2)  ) LIMIT 1 
[ 2012-07-03T13:48:33+08:00 ] SQL:  RunTime:0.000698s SQL = SELECT COUNT(*) AS tp_count FROM `cndw_work_order` WHERE ( `user_account` = '291518452@qq.com' ) AND ( `operator_id` = 9 ) AND ( `source` = 1 ) AND ( `status` = 3 ) LIMIT 1 
[ 2012-07-03T13:48:33+08:00 ] SQL:  RunTime:0.001736s SQL = SHOW COLUMNS FROM cndw_sysconfig
[ 2012-07-03T13:48:33+08:00 ] SQL:  RunTime:0.001746s SQL = SHOW COLUMNS FROM cndw_question_types
[ 2012-07-03T13:48:33+08:00 ] NOTIC: [8] Undefined index:  game_type_id QuestionAction.class.php 第 56 行.
[ 2012-07-03T13:48:33+08:00 ] NOTIC: [8] Undefined index:  q_type QuestionAction.class.php 第 57 行.
[ 2012-07-03T13:48:33+08:00 ] NOTIC: [8] Undefined variable: _page_title 972c8cf98e4871a830fafeb7278fd4ae.php 第 5 行.
[ 2012-07-03T13:48:34+08:00 ] NOTIC: [8] Undefined variable: selectedGameTypeId 972c8cf98e4871a830fafeb7278fd4ae.php 第 120 行.
[ 2012-07-03T13:48:34+08:00 ] NOTIC: [8] Undefined variable: selectedQType 972c8cf98e4871a830fafeb7278fd4ae.php 第 121 行.
[ 2012-07-03T13:48:35+08:00 ] SQL:  RunTime:0.002191s SQL = SHOW COLUMNS FROM cndw_work_order
[ 2012-07-03T13:48:35+08:00 ] NOTIC: [8] Array to string conversion Db.class.php 第 517 行.
[ 2012-07-03T13:48:35+08:00 ] SQL:  RunTime:0.000655s SQL = SELECT COUNT(*) AS tp_count FROM `cndw_work_order` WHERE ( `user_account` = '291518452@qq.com' ) AND ( `operator_id` = 9 ) AND ( `source` = 1 ) AND ( (`status` >= 1) AND (`status` <= 2)  ) LIMIT 1 
[ 2012-07-03T13:48:35+08:00 ] SQL:  RunTime:0.000671s SQL = SELECT COUNT(*) AS tp_count FROM `cndw_work_order` WHERE ( `user_account` = '291518452@qq.com' ) AND ( `operator_id` = 9 ) AND ( `source` = 1 ) AND ( `status` = 3 ) LIMIT 1 
[ 2012-07-03T13:48:35+08:00 ] SQL:  RunTime:0.005248s SQL = SHOW COLUMNS FROM cndw_sysconfig
[ 2012-07-03T13:48:35+08:00 ] SQL:  RunTime:0.005342s SQL = SHOW COLUMNS FROM cndw_question_types
[ 2012-07-03T13:48:35+08:00 ] NOTIC: [8] Undefined index:  game_type_id QuestionAction.class.php 第 56 行.
[ 2012-07-03T13:48:35+08:00 ] NOTIC: [8] Undefined index:  q_type QuestionAction.class.php 第 57 行.
[ 2012-07-03T13:48:35+08:00 ] NOTIC: [8] Undefined variable: _page_title 972c8cf98e4871a830fafeb7278fd4ae.php 第 5 行.
[ 2012-07-03T13:48:35+08:00 ] NOTIC: [8] Undefined variable: selectedGameTypeId 972c8cf98e4871a830fafeb7278fd4ae.php 第 120 行.
[ 2012-07-03T13:48:35+08:00 ] NOTIC: [8] Undefined variable: selectedQType 972c8cf98e4871a830fafeb7278fd4ae.php 第 121 行.
[ 2012-07-03T13:48:35+08:00 ] SQL:  RunTime:0.002056s SQL = SHOW COLUMNS FROM cndw_work_order
[ 2012-07-03T13:48:35+08:00 ] NOTIC: [8] Array to string conversion Db.class.php 第 517 行.
[ 2012-07-03T13:48:35+08:00 ] SQL:  RunTime:0.000700s SQL = SELECT COUNT(*) AS tp_count FROM `cndw_work_order` WHERE ( `user_account` = '291518452@qq.com' ) AND ( `operator_id` = 9 ) AND ( `source` = 1 ) AND ( (`status` >= 1) AND (`status` <= 2)  ) LIMIT 1 
[ 2012-07-03T13:48:35+08:00 ] SQL:  RunTime:0.000658s SQL = SELECT COUNT(*) AS tp_count FROM `cndw_work_order` WHERE ( `user_account` = '291518452@qq.com' ) AND ( `operator_id` = 9 ) AND ( `source` = 1 ) AND ( `status` = 3 ) LIMIT 1 
[ 2012-07-03T13:48:35+08:00 ] SQL:  RunTime:0.001783s SQL = SHOW COLUMNS FROM cndw_sysconfig
[ 2012-07-03T13:48:35+08:00 ] SQL:  RunTime:0.001836s SQL = SHOW COLUMNS FROM cndw_question_types
[ 2012-07-03T13:48:35+08:00 ] NOTIC: [8] Undefined index:  game_type_id QuestionAction.class.php 第 56 行.
[ 2012-07-03T13:48:35+08:00 ] NOTIC: [8] Undefined index:  q_type QuestionAction.class.php 第 57 行.
[ 2012-07-03T13:48:35+08:00 ] NOTIC: [8] Undefined variable: _page_title 972c8cf98e4871a830fafeb7278fd4ae.php 第 5 行.
[ 2012-07-03T13:48:35+08:00 ] NOTIC: [8] Undefined variable: selectedGameTypeId 972c8cf98e4871a830fafeb7278fd4ae.php 第 120 行.
[ 2012-07-03T13:48:35+08:00 ] NOTIC: [8] Undefined variable: selectedQType 972c8cf98e4871a830fafeb7278fd4ae.php 第 121 行.
[ 2012-07-03T13:48:35+08:00 ] SQL:  RunTime:0.002375s SQL = SHOW COLUMNS FROM cndw_work_order
[ 2012-07-03T13:48:35+08:00 ] NOTIC: [8] Array to string conversion Db.class.php 第 517 行.
[ 2012-07-03T13:48:35+08:00 ] SQL:  RunTime:0.000748s SQL = SELECT COUNT(*) AS tp_count FROM `cndw_work_order` WHERE ( `user_account` = '291518452@qq.com' ) AND ( `operator_id` = 9 ) AND ( `source` = 1 ) AND ( (`status` >= 1) AND (`status` <= 2)  ) LIMIT 1 
[ 2012-07-03T13:48:35+08:00 ] SQL:  RunTime:0.000604s SQL = SELECT COUNT(*) AS tp_count FROM `cndw_work_order` WHERE ( `user_account` = '291518452@qq.com' ) AND ( `operator_id` = 9 ) AND ( `source` = 1 ) AND ( `status` = 3 ) LIMIT 1 
[ 2012-07-03T13:48:35+08:00 ] SQL:  RunTime:0.001848s SQL = SHOW COLUMNS FROM cndw_sysconfig
[ 2012-07-03T13:48:35+08:00 ] SQL:  RunTime:0.001790s SQL = SHOW COLUMNS FROM cndw_question_types
[ 2012-07-03T13:48:35+08:00 ] NOTIC: [8] Undefined index:  game_type_id QuestionAction.class.php 第 56 行.
[ 2012-07-03T13:48:35+08:00 ] NOTIC: [8] Undefined index:  q_type QuestionAction.class.php 第 57 行.
[ 2012-07-03T13:48:35+08:00 ] NOTIC: [8] Undefined variable: _page_title 972c8cf98e4871a830fafeb7278fd4ae.php 第 5 行.
[ 2012-07-03T13:48:35+08:00 ] NOTIC: [8] Undefined variable: selectedGameTypeId 972c8cf98e4871a830fafeb7278fd4ae.php 第 120 行.
[ 2012-07-03T13:48:35+08:00 ] NOTIC: [8] Undefined variable: selectedQType 972c8cf98e4871a830fafeb7278fd4ae.php 第 121 行.
[ 2012-07-03T13:48:36+08:00 ] SQL:  RunTime:0.002263s SQL = SHOW COLUMNS FROM cndw_work_order
[ 2012-07-03T13:48:36+08:00 ] NOTIC: [8] Array to string conversion Db.class.php 第 517 行.
[ 2012-07-03T13:48:36+08:00 ] SQL:  RunTime:0.000703s SQL = SELECT COUNT(*) AS tp_count FROM `cndw_work_order` WHERE ( `user_account` = '291518452@qq.com' ) AND ( `operator_id` = 9 ) AND ( `source` = 1 ) AND ( (`status` >= 1) AND (`status` <= 2)  ) LIMIT 1 
[ 2012-07-03T13:48:36+08:00 ] SQL:  RunTime:0.000641s SQL = SELECT COUNT(*) AS tp_count FROM `cndw_work_order` WHERE ( `user_account` = '291518452@qq.com' ) AND ( `operator_id` = 9 ) AND ( `source` = 1 ) AND ( `status` = 3 ) LIMIT 1 
[ 2012-07-03T13:48:36+08:00 ] SQL:  RunTime:0.001716s SQL = SHOW COLUMNS FROM cndw_sysconfig
[ 2012-07-03T13:48:36+08:00 ] SQL:  RunTime:0.001746s SQL = SHOW COLUMNS FROM cndw_question_types
[ 2012-07-03T13:48:36+08:00 ] NOTIC: [8] Undefined index:  game_type_id QuestionAction.class.php 第 56 行.
[ 2012-07-03T13:48:36+08:00 ] NOTIC: [8] Undefined index:  q_type QuestionAction.class.php 第 57 行.
[ 2012-07-03T13:48:36+08:00 ] NOTIC: [8] Undefined variable: _page_title 972c8cf98e4871a830fafeb7278fd4ae.php 第 5 行.
[ 2012-07-03T13:48:36+08:00 ] NOTIC: [8] Undefined variable: selectedGameTypeId 972c8cf98e4871a830fafeb7278fd4ae.php 第 120 行.
[ 2012-07-03T13:48:36+08:00 ] NOTIC: [8] Undefined variable: selectedQType 972c8cf98e4871a830fafeb7278fd4ae.php 第 121 行.
[ 2012-07-03T13:48:36+08:00 ] SQL:  RunTime:0.002232s SQL = SHOW COLUMNS FROM cndw_work_order
[ 2012-07-03T13:48:36+08:00 ] NOTIC: [8] Array to string conversion Db.class.php 第 517 行.
[ 2012-07-03T13:48:36+08:00 ] SQL:  RunTime:0.000673s SQL = SELECT COUNT(*) AS tp_count FROM `cndw_work_order` WHERE ( `user_account` = '291518452@qq.com' ) AND ( `operator_id` = 9 ) AND ( `source` = 1 ) AND ( (`status` >= 1) AND (`status` <= 2)  ) LIMIT 1 
[ 2012-07-03T13:48:36+08:00 ] SQL:  RunTime:0.000636s SQL = SELECT COUNT(*) AS tp_count FROM `cndw_work_order` WHERE ( `user_account` = '291518452@qq.com' ) AND ( `operator_id` = 9 ) AND ( `source` = 1 ) AND ( `status` = 3 ) LIMIT 1 
[ 2012-07-03T13:48:36+08:00 ] SQL:  RunTime:0.001717s SQL = SHOW COLUMNS FROM cndw_sysconfig
[ 2012-07-03T13:48:36+08:00 ] SQL:  RunTime:0.001726s SQL = SHOW COLUMNS FROM cndw_question_types
[ 2012-07-03T13:48:36+08:00 ] NOTIC: [8] Undefined index:  game_type_id QuestionAction.class.php 第 56 行.
[ 2012-07-03T13:48:36+08:00 ] NOTIC: [8] Undefined index:  q_type QuestionAction.class.php 第 57 行.
[ 2012-07-03T13:48:36+08:00 ] NOTIC: [8] Undefined variable: _page_title 972c8cf98e4871a830fafeb7278fd4ae.php 第 5 行.
[ 2012-07-03T13:48:36+08:00 ] NOTIC: [8] Undefined variable: selectedGameTypeId 972c8cf98e4871a830fafeb7278fd4ae.php 第 120 行.
[ 2012-07-03T13:48:36+08:00 ] NOTIC: [8] Undefined variable: selectedQType 972c8cf98e4871a830fafeb7278fd4ae.php 第 121 行.
[ 2012-07-03T13:48:36+08:00 ] SQL:  RunTime:0.002274s SQL = SHOW COLUMNS FROM cndw_work_order
[ 2012-07-03T13:48:36+08:00 ] NOTIC: [8] Array to string conversion Db.class.php 第 517 行.
[ 2012-07-03T13:48:36+08:00 ] SQL:  RunTime:0.000800s SQL = SELECT COUNT(*) AS tp_count FROM `cndw_work_order` WHERE ( `user_account` = '291518452@qq.com' ) AND ( `operator_id` = 9 ) AND ( `source` = 1 ) AND ( (`status` >= 1) AND (`status` <= 2)  ) LIMIT 1 
[ 2012-07-03T13:48:36+08:00 ] SQL:  RunTime:0.001926s SQL = SELECT COUNT(*) AS tp_count FROM `cndw_work_order` WHERE ( `user_account` = '291518452@qq.com' ) AND ( `operator_id` = 9 ) AND ( `source` = 1 ) AND ( `status` = 3 ) LIMIT 1 
[ 2012-07-03T13:48:36+08:00 ] SQL:  RunTime:0.001751s SQL = SHOW COLUMNS FROM cndw_sysconfig
[ 2012-07-03T13:48:36+08:00 ] SQL:  RunTime:0.001679s SQL = SHOW COLUMNS FROM cndw_question_types
[ 2012-07-03T13:48:36+08:00 ] NOTIC: [8] Undefined index:  game_type_id QuestionAction.class.php 第 56 行.
[ 2012-07-03T13:48:36+08:00 ] NOTIC: [8] Undefined index:  q_type QuestionAction.class.php 第 57 行.
[ 2012-07-03T13:48:36+08:00 ] NOTIC: [8] Undefined variable: _page_title 972c8cf98e4871a830fafeb7278fd4ae.php 第 5 行.
[ 2012-07-03T13:48:36+08:00 ] NOTIC: [8] Undefined variable: selectedGameTypeId 972c8cf98e4871a830fafeb7278fd4ae.php 第 120 行.
[ 2012-07-03T13:48:36+08:00 ] NOTIC: [8] Undefined variable: selectedQType 972c8cf98e4871a830fafeb7278fd4ae.php 第 121 行.
[ 2012-07-03T13:48:36+08:00 ] SQL:  RunTime:0.002117s SQL = SHOW COLUMNS FROM cndw_work_order
[ 2012-07-03T13:48:36+08:00 ] NOTIC: [8] Array to string conversion Db.class.php 第 517 行.
[ 2012-07-03T13:48:36+08:00 ] SQL:  RunTime:0.000690s SQL = SELECT COUNT(*) AS tp_count FROM `cndw_work_order` WHERE ( `user_account` = '291518452@qq.com' ) AND ( `operator_id` = 9 ) AND ( `source` = 1 ) AND ( (`status` >= 1) AND (`status` <= 2)  ) LIMIT 1 
[ 2012-07-03T13:48:36+08:00 ] SQL:  RunTime:0.000631s SQL = SELECT COUNT(*) AS tp_count FROM `cndw_work_order` WHERE ( `user_account` = '291518452@qq.com' ) AND ( `operator_id` = 9 ) AND ( `source` = 1 ) AND ( `status` = 3 ) LIMIT 1 
[ 2012-07-03T13:48:36+08:00 ] SQL:  RunTime:0.001811s SQL = SHOW COLUMNS FROM cndw_sysconfig
[ 2012-07-03T13:48:36+08:00 ] SQL:  RunTime:0.003188s SQL = SHOW COLUMNS FROM cndw_question_types
[ 2012-07-03T13:48:36+08:00 ] NOTIC: [8] Undefined index:  game_type_id QuestionAction.class.php 第 56 行.
[ 2012-07-03T13:48:36+08:00 ] NOTIC: [8] Undefined index:  q_type QuestionAction.class.php 第 57 行.
[ 2012-07-03T13:48:37+08:00 ] NOTIC: [8] Undefined variable: _page_title 972c8cf98e4871a830fafeb7278fd4ae.php 第 5 行.
[ 2012-07-03T13:48:37+08:00 ] NOTIC: [8] Undefined variable: selectedGameTypeId 972c8cf98e4871a830fafeb7278fd4ae.php 第 120 行.
[ 2012-07-03T13:48:37+08:00 ] NOTIC: [8] Undefined variable: selectedQType 972c8cf98e4871a830fafeb7278fd4ae.php 第 121 行.
[ 2012-07-03T13:48:37+08:00 ] SQL:  RunTime:0.002222s SQL = SHOW COLUMNS FROM cndw_work_order
[ 2012-07-03T13:48:37+08:00 ] NOTIC: [8] Array to string conversion Db.class.php 第 517 行.
[ 2012-07-03T13:48:37+08:00 ] SQL:  RunTime:0.000699s SQL = SELECT COUNT(*) AS tp_count FROM `cndw_work_order` WHERE ( `user_account` = '291518452@qq.com' ) AND ( `operator_id` = 9 ) AND ( `source` = 1 ) AND ( (`status` >= 1) AND (`status` <= 2)  ) LIMIT 1 
[ 2012-07-03T13:48:37+08:00 ] SQL:  RunTime:0.000651s SQL = SELECT COUNT(*) AS tp_count FROM `cndw_work_order` WHERE ( `user_account` = '291518452@qq.com' ) AND ( `operator_id` = 9 ) AND ( `source` = 1 ) AND ( `status` = 3 ) LIMIT 1 
[ 2012-07-03T13:48:37+08:00 ] SQL:  RunTime:0.001744s SQL = SHOW COLUMNS FROM cndw_sysconfig
[ 2012-07-03T13:48:37+08:00 ] SQL:  RunTime:0.002188s SQL = SHOW COLUMNS FROM cndw_question_types
[ 2012-07-03T13:48:37+08:00 ] NOTIC: [8] Undefined index:  game_type_id QuestionAction.class.php 第 56 行.
[ 2012-07-03T13:48:37+08:00 ] NOTIC: [8] Undefined index:  q_type QuestionAction.class.php 第 57 行.
[ 2012-07-03T13:48:37+08:00 ] NOTIC: [8] Undefined variable: _page_title 972c8cf98e4871a830fafeb7278fd4ae.php 第 5 行.
[ 2012-07-03T13:48:37+08:00 ] NOTIC: [8] Undefined variable: selectedGameTypeId 972c8cf98e4871a830fafeb7278fd4ae.php 第 120 行.
[ 2012-07-03T13:48:37+08:00 ] NOTIC: [8] Undefined variable: selectedQType 972c8cf98e4871a830fafeb7278fd4ae.php 第 121 行.
[ 2012-07-03T13:48:37+08:00 ] SQL:  RunTime:0.002159s SQL = SHOW COLUMNS FROM cndw_work_order
[ 2012-07-03T13:48:37+08:00 ] NOTIC: [8] Array to string conversion Db.class.php 第 517 行.
[ 2012-07-03T13:48:37+08:00 ] SQL:  RunTime:0.000691s SQL = SELECT COUNT(*) AS tp_count FROM `cndw_work_order` WHERE ( `user_account` = '291518452@qq.com' ) AND ( `operator_id` = 9 ) AND ( `source` = 1 ) AND ( (`status` >= 1) AND (`status` <= 2)  ) LIMIT 1 
[ 2012-07-03T13:48:37+08:00 ] SQL:  RunTime:0.000642s SQL = SELECT COUNT(*) AS tp_count FROM `cndw_work_order` WHERE ( `user_account` = '291518452@qq.com' ) AND ( `operator_id` = 9 ) AND ( `source` = 1 ) AND ( `status` = 3 ) LIMIT 1 
[ 2012-07-03T13:48:37+08:00 ] SQL:  RunTime:0.001873s SQL = SHOW COLUMNS FROM cndw_sysconfig
[ 2012-07-03T13:48:37+08:00 ] SQL:  RunTime:0.001715s SQL = SHOW COLUMNS FROM cndw_question_types
[ 2012-07-03T13:48:37+08:00 ] NOTIC: [8] Undefined index:  game_type_id QuestionAction.class.php 第 56 行.
[ 2012-07-03T13:48:37+08:00 ] NOTIC: [8] Undefined index:  q_type QuestionAction.class.php 第 57 行.
[ 2012-07-03T13:48:37+08:00 ] NOTIC: [8] Undefined variable: _page_title 972c8cf98e4871a830fafeb7278fd4ae.php 第 5 行.
[ 2012-07-03T13:48:37+08:00 ] NOTIC: [8] Undefined variable: selectedGameTypeId 972c8cf98e4871a830fafeb7278fd4ae.php 第 120 行.
[ 2012-07-03T13:48:37+08:00 ] NOTIC: [8] Undefined variable: selectedQType 972c8cf98e4871a830fafeb7278fd4ae.php 第 121 行.
[ 2012-07-03T13:48:37+08:00 ] SQL:  RunTime:0.002007s SQL = SHOW COLUMNS FROM cndw_work_order
[ 2012-07-03T13:48:37+08:00 ] NOTIC: [8] Array to string conversion Db.class.php 第 517 行.
[ 2012-07-03T13:48:37+08:00 ] SQL:  RunTime:0.000651s SQL = SELECT COUNT(*) AS tp_count FROM `cndw_work_order` WHERE ( `user_account` = '291518452@qq.com' ) AND ( `operator_id` = 9 ) AND ( `source` = 1 ) AND ( (`status` >= 1) AND (`status` <= 2)  ) LIMIT 1 
[ 2012-07-03T13:48:37+08:00 ] SQL:  RunTime:0.002346s SQL = SELECT COUNT(*) AS tp_count FROM `cndw_work_order` WHERE ( `user_account` = '291518452@qq.com' ) AND ( `operator_id` = 9 ) AND ( `source` = 1 ) AND ( `status` = 3 ) LIMIT 1 
[ 2012-07-03T13:48:37+08:00 ] SQL:  RunTime:0.001763s SQL = SHOW COLUMNS FROM cndw_sysconfig
[ 2012-07-03T13:48:37+08:00 ] SQL:  RunTime:0.004855s SQL = SHOW COLUMNS FROM cndw_question_types
[ 2012-07-03T13:48:37+08:00 ] NOTIC: [8] Undefined index:  game_type_id QuestionAction.class.php 第 56 行.
[ 2012-07-03T13:48:37+08:00 ] NOTIC: [8] Undefined index:  q_type QuestionAction.class.php 第 57 行.
[ 2012-07-03T13:48:37+08:00 ] NOTIC: [8] Undefined variable: _page_title 972c8cf98e4871a830fafeb7278fd4ae.php 第 5 行.
[ 2012-07-03T13:48:37+08:00 ] NOTIC: [8] Undefined variable: selectedGameTypeId 972c8cf98e4871a830fafeb7278fd4ae.php 第 120 行.
[ 2012-07-03T13:48:37+08:00 ] NOTIC: [8] Undefined variable: selectedQType 972c8cf98e4871a830fafeb7278fd4ae.php 第 121 行.
[ 2012-07-03T13:48:38+08:00 ] SQL:  RunTime:0.003797s SQL = SHOW COLUMNS FROM cndw_work_order
[ 2012-07-03T13:48:38+08:00 ] NOTIC: [8] Array to string conversion Db.class.php 第 517 行.
[ 2012-07-03T13:48:38+08:00 ] SQL:  RunTime:0.000698s SQL = SELECT COUNT(*) AS tp_count FROM `cndw_work_order` WHERE ( `user_account` = '291518452@qq.com' ) AND ( `operator_id` = 9 ) AND ( `source` = 1 ) AND ( (`status` >= 1) AND (`status` <= 2)  ) LIMIT 1 
[ 2012-07-03T13:48:38+08:00 ] SQL:  RunTime:0.000637s SQL = SELECT COUNT(*) AS tp_count FROM `cndw_work_order` WHERE ( `user_account` = '291518452@qq.com' ) AND ( `operator_id` = 9 ) AND ( `source` = 1 ) AND ( `status` = 3 ) LIMIT 1 
[ 2012-07-03T13:48:38+08:00 ] SQL:  RunTime:0.004051s SQL = SHOW COLUMNS FROM cndw_sysconfig
[ 2012-07-03T13:48:38+08:00 ] SQL:  RunTime:0.001756s SQL = SHOW COLUMNS FROM cndw_question_types
[ 2012-07-03T13:48:38+08:00 ] NOTIC: [8] Undefined index:  game_type_id QuestionAction.class.php 第 56 行.
[ 2012-07-03T13:48:38+08:00 ] NOTIC: [8] Undefined index:  q_type QuestionAction.class.php 第 57 行.
[ 2012-07-03T13:48:38+08:00 ] NOTIC: [8] Undefined variable: _page_title 972c8cf98e4871a830fafeb7278fd4ae.php 第 5 行.
[ 2012-07-03T13:48:38+08:00 ] NOTIC: [8] Undefined variable: selectedGameTypeId 972c8cf98e4871a830fafeb7278fd4ae.php 第 120 行.
[ 2012-07-03T13:48:38+08:00 ] NOTIC: [8] Undefined variable: selectedQType 972c8cf98e4871a830fafeb7278fd4ae.php 第 121 行.
[ 2012-07-03T13:48:38+08:00 ] SQL:  RunTime:0.002094s SQL = SHOW COLUMNS FROM cndw_work_order
[ 2012-07-03T13:48:38+08:00 ] NOTIC: [8] Array to string conversion Db.class.php 第 517 行.
[ 2012-07-03T13:48:38+08:00 ] SQL:  RunTime:0.000697s SQL = SELECT COUNT(*) AS tp_count FROM `cndw_work_order` WHERE ( `user_account` = '291518452@qq.com' ) AND ( `operator_id` = 9 ) AND ( `source` = 1 ) AND ( (`status` >= 1) AND (`status` <= 2)  ) LIMIT 1 
[ 2012-07-03T13:48:38+08:00 ] SQL:  RunTime:0.000640s SQL = SELECT COUNT(*) AS tp_count FROM `cndw_work_order` WHERE ( `user_account` = '291518452@qq.com' ) AND ( `operator_id` = 9 ) AND ( `source` = 1 ) AND ( `status` = 3 ) LIMIT 1 
[ 2012-07-03T13:48:38+08:00 ] SQL:  RunTime:0.001815s SQL = SHOW COLUMNS FROM cndw_sysconfig
[ 2012-07-03T13:48:38+08:00 ] SQL:  RunTime:0.001819s SQL = SHOW COLUMNS FROM cndw_question_types
[ 2012-07-03T13:48:38+08:00 ] NOTIC: [8] Undefined index:  game_type_id QuestionAction.class.php 第 56 行.
[ 2012-07-03T13:48:38+08:00 ] NOTIC: [8] Undefined index:  q_type QuestionAction.class.php 第 57 行.
[ 2012-07-03T13:48:38+08:00 ] NOTIC: [8] Undefined variable: _page_title 972c8cf98e4871a830fafeb7278fd4ae.php 第 5 行.
[ 2012-07-03T13:48:38+08:00 ] NOTIC: [8] Undefined variable: selectedGameTypeId 972c8cf98e4871a830fafeb7278fd4ae.php 第 120 行.
[ 2012-07-03T13:48:38+08:00 ] NOTIC: [8] Undefined variable: selectedQType 972c8cf98e4871a830fafeb7278fd4ae.php 第 121 行.
