[ 2012-08-15T11:28:14+08:00 ] NOTIC: [8] Undefined index:  dovo_UserName BaseAction.class.php 第 13 行.
[ 2012-08-15T11:28:14+08:00 ] SQL:  RunTime:0.041439s SQL = SHOW COLUMNS FROM cndw_player_faq
[ 2012-08-15T11:28:14+08:00 ] SQL:  RunTime:0.001562s SQL = SHOW COLUMNS FROM cndw_sysconfig
[ 2012-08-15T11:28:14+08:00 ] NOTIC: [8] Array to string conversion Db.class.php 第 517 行.
[ 2012-08-15T11:28:14+08:00 ] SQL:  RunTime:0.192411s SQL = SELECT * FROM `cndw_player_faq` WHERE ( `lang_id` = 1 ) AND ( (`status` >= 0) AND (`status` <= 1)  ) AND ( `game_type_id` IN (1,2,6,7,9,8,10,21) ) ORDER BY ratio desc LIMIT 20 
[ 2012-08-15T11:28:14+08:00 ] SQL:  RunTime:0.030110s SQL = SHOW COLUMNS FROM cndw_question_types
[ 2012-08-15T11:28:14+08:00 ] NOTIC: [8] Undefined variable: _page_title 972c8cf98e4871a830fafeb7278fd4ae.php 第 5 行.
[ 2012-08-15T11:28:14+08:00 ] NOTIC: [8] Undefined variable: username 972c8cf98e4871a830fafeb7278fd4ae.php 第 39 行.
[ 2012-08-15T11:28:14+08:00 ] NOTIC: [8] Undefined variable: waitCount 972c8cf98e4871a830fafeb7278fd4ae.php 第 86 行.
[ 2012-08-15T11:28:14+08:00 ] NOTIC: [8] Undefined variable: haveCount 972c8cf98e4871a830fafeb7278fd4ae.php 第 87 行.
[ 2012-08-15T11:28:41+08:00 ] NOTIC: [8] Undefined index:  dovo_UserName BaseAction.class.php 第 13 行.
[ 2012-08-15T11:28:41+08:00 ] SQL:  RunTime:0.001372s SQL = SHOW COLUMNS FROM cndw_player_faq
[ 2012-08-15T11:28:41+08:00 ] SQL:  RunTime:0.001204s SQL = SHOW COLUMNS FROM cndw_question_types
[ 2012-08-15T11:28:41+08:00 ] SQL:  RunTime:0.001093s SQL = SHOW COLUMNS FROM cndw_sysconfig
[ 2012-08-15T11:28:41+08:00 ] NOTIC: [8] Undefined variable: _page_title 972c8cf98e4871a830fafeb7278fd4ae.php 第 5 行.
[ 2012-08-15T11:28:41+08:00 ] NOTIC: [8] Undefined variable: username 972c8cf98e4871a830fafeb7278fd4ae.php 第 39 行.
[ 2012-08-15T11:28:41+08:00 ] NOTIC: [8] Undefined variable: waitCount 972c8cf98e4871a830fafeb7278fd4ae.php 第 86 行.
[ 2012-08-15T11:28:41+08:00 ] NOTIC: [8] Undefined variable: haveCount 972c8cf98e4871a830fafeb7278fd4ae.php 第 87 行.
[ 2012-08-15T15:16:51+08:00 ] NOTIC: [8] Undefined index:  dovo_UserName BaseAction.class.php 第 13 行.
[ 2012-08-15T15:16:51+08:00 ] SQL:  RunTime:0.001670s SQL = SHOW COLUMNS FROM cndw_player_faq
[ 2012-08-15T15:16:51+08:00 ] SQL:  RunTime:0.001611s SQL = SHOW COLUMNS FROM cndw_question_types
[ 2012-08-15T15:16:51+08:00 ] SQL:  RunTime:0.001475s SQL = SHOW COLUMNS FROM cndw_sysconfig
[ 2012-08-15T15:16:51+08:00 ] NOTIC: [8] Undefined variable: _page_title 972c8cf98e4871a830fafeb7278fd4ae.php 第 5 行.
[ 2012-08-15T15:16:51+08:00 ] NOTIC: [8] Undefined variable: username 972c8cf98e4871a830fafeb7278fd4ae.php 第 39 行.
[ 2012-08-15T15:16:51+08:00 ] NOTIC: [8] Undefined variable: waitCount 972c8cf98e4871a830fafeb7278fd4ae.php 第 86 行.
[ 2012-08-15T15:16:51+08:00 ] NOTIC: [8] Undefined variable: haveCount 972c8cf98e4871a830fafeb7278fd4ae.php 第 87 行.
