[ 2012-07-27T10:09:39+08:00 ] NOTIC: [8] Undefined index:  dovo_UserName BaseAction.class.php 第 13 行.
[ 2012-07-27T10:09:39+08:00 ] SQL:  RunTime:0.094886s SQL = SHOW COLUMNS FROM cndw_player_faq
[ 2012-07-27T10:09:39+08:00 ] SQL:  RunTime:0.041229s SQL = SHOW COLUMNS FROM cndw_sysconfig
[ 2012-07-27T10:09:39+08:00 ] NOTIC: [8] Array to string conversion Db.class.php 第 517 行.
[ 2012-07-27T10:09:39+08:00 ] SQL:  RunTime:0.327403s SQL = SELECT * FROM `cndw_player_faq` WHERE ( `lang_id` = 1 ) AND ( (`status` >= 0) AND (`status` <= 1)  ) AND ( `game_type_id` IN (1,2,6,7,9,8,10,21) ) ORDER BY ratio desc LIMIT 20 
[ 2012-07-27T10:09:39+08:00 ] SQL:  RunTime:0.076810s SQL = SHOW COLUMNS FROM cndw_question_types
[ 2012-07-27T10:09:39+08:00 ] NOTIC: [8] Undefined variable: _page_title 972c8cf98e4871a830fafeb7278fd4ae.php 第 5 行.
[ 2012-07-27T10:09:39+08:00 ] NOTIC: [8] Undefined variable: username 972c8cf98e4871a830fafeb7278fd4ae.php 第 39 行.
[ 2012-07-27T10:09:39+08:00 ] NOTIC: [8] Undefined variable: waitCount 972c8cf98e4871a830fafeb7278fd4ae.php 第 86 行.
[ 2012-07-27T10:09:39+08:00 ] NOTIC: [8] Undefined variable: haveCount 972c8cf98e4871a830fafeb7278fd4ae.php 第 87 行.
[ 2012-07-27T16:12:20+08:00 ] NOTIC: [8] Undefined index:  dovo_UserName BaseAction.class.php 第 13 行.
[ 2012-07-27T16:12:20+08:00 ] SQL:  RunTime:0.032812s SQL = SHOW COLUMNS FROM cndw_player_faq
[ 2012-07-27T16:12:20+08:00 ] SQL:  RunTime:0.068779s SQL = SHOW COLUMNS FROM cndw_sysconfig
[ 2012-07-27T16:12:20+08:00 ] NOTIC: [8] Array to string conversion Db.class.php 第 517 行.
[ 2012-07-27T16:12:20+08:00 ] SQL:  RunTime:0.321101s SQL = SELECT * FROM `cndw_player_faq` WHERE ( `lang_id` = 1 ) AND ( (`status` >= 0) AND (`status` <= 1)  ) AND ( `game_type_id` IN (1,2,6,7,9,8,10,21) ) ORDER BY ratio desc LIMIT 20 
[ 2012-07-27T16:12:20+08:00 ] SQL:  RunTime:0.036600s SQL = SHOW COLUMNS FROM cndw_question_types
[ 2012-07-27T16:12:21+08:00 ] NOTIC: [8] Undefined variable: _page_title 972c8cf98e4871a830fafeb7278fd4ae.php 第 5 行.
[ 2012-07-27T16:12:21+08:00 ] NOTIC: [8] Undefined variable: username 972c8cf98e4871a830fafeb7278fd4ae.php 第 39 行.
[ 2012-07-27T16:12:21+08:00 ] NOTIC: [8] Undefined variable: waitCount 972c8cf98e4871a830fafeb7278fd4ae.php 第 86 行.
[ 2012-07-27T16:12:21+08:00 ] NOTIC: [8] Undefined variable: haveCount 972c8cf98e4871a830fafeb7278fd4ae.php 第 87 行.
[ 2012-07-27T16:13:56+08:00 ] NOTIC: [8] Undefined index:  dovo_UserName BaseAction.class.php 第 13 行.
[ 2012-07-27T16:13:56+08:00 ] SQL:  RunTime:0.013756s SQL = SHOW COLUMNS FROM cndw_player_faq
[ 2012-07-27T16:13:56+08:00 ] SQL:  RunTime:0.002263s SQL = SHOW COLUMNS FROM cndw_question_types
[ 2012-07-27T16:13:56+08:00 ] SQL:  RunTime:0.002125s SQL = SHOW COLUMNS FROM cndw_sysconfig
[ 2012-07-27T16:13:57+08:00 ] NOTIC: [8] Undefined variable: _page_title 972c8cf98e4871a830fafeb7278fd4ae.php 第 5 行.
[ 2012-07-27T16:13:57+08:00 ] NOTIC: [8] Undefined variable: username 972c8cf98e4871a830fafeb7278fd4ae.php 第 39 行.
[ 2012-07-27T16:13:57+08:00 ] NOTIC: [8] Undefined variable: waitCount 972c8cf98e4871a830fafeb7278fd4ae.php 第 86 行.
[ 2012-07-27T16:13:57+08:00 ] NOTIC: [8] Undefined variable: haveCount 972c8cf98e4871a830fafeb7278fd4ae.php 第 87 行.
[ 2012-07-27T16:14:15+08:00 ] NOTIC: [8] Undefined index:  dovo_UserName BaseAction.class.php 第 13 行.
[ 2012-07-27T16:14:15+08:00 ] SQL:  RunTime:0.002866s SQL = SHOW COLUMNS FROM cndw_player_faq
[ 2012-07-27T16:14:15+08:00 ] SQL:  RunTime:0.018659s SQL = SHOW COLUMNS FROM cndw_question_types
[ 2012-07-27T16:14:15+08:00 ] SQL:  RunTime:0.002190s SQL = SHOW COLUMNS FROM cndw_sysconfig
[ 2012-07-27T16:14:16+08:00 ] NOTIC: [8] Undefined variable: _page_title 972c8cf98e4871a830fafeb7278fd4ae.php 第 5 行.
[ 2012-07-27T16:14:16+08:00 ] NOTIC: [8] Undefined variable: username 972c8cf98e4871a830fafeb7278fd4ae.php 第 39 行.
[ 2012-07-27T16:14:16+08:00 ] NOTIC: [8] Undefined variable: waitCount 972c8cf98e4871a830fafeb7278fd4ae.php 第 86 行.
[ 2012-07-27T16:14:16+08:00 ] NOTIC: [8] Undefined variable: haveCount 972c8cf98e4871a830fafeb7278fd4ae.php 第 87 行.
[ 2012-07-27T16:15:14+08:00 ] NOTIC: [8] Undefined index:  dovo_UserName BaseAction.class.php 第 13 行.
[ 2012-07-27T16:15:14+08:00 ] SQL:  RunTime:0.002863s SQL = SHOW COLUMNS FROM cndw_player_faq
[ 2012-07-27T16:15:14+08:00 ] SQL:  RunTime:0.003375s SQL = SHOW COLUMNS FROM cndw_question_types
[ 2012-07-27T16:15:14+08:00 ] SQL:  RunTime:0.002548s SQL = SHOW COLUMNS FROM cndw_sysconfig
[ 2012-07-27T16:15:14+08:00 ] NOTIC: [8] Undefined variable: _page_title 972c8cf98e4871a830fafeb7278fd4ae.php 第 5 行.
[ 2012-07-27T16:15:14+08:00 ] NOTIC: [8] Undefined variable: username 972c8cf98e4871a830fafeb7278fd4ae.php 第 39 行.
[ 2012-07-27T16:15:14+08:00 ] NOTIC: [8] Undefined variable: waitCount 972c8cf98e4871a830fafeb7278fd4ae.php 第 86 行.
[ 2012-07-27T16:15:14+08:00 ] NOTIC: [8] Undefined variable: haveCount 972c8cf98e4871a830fafeb7278fd4ae.php 第 87 行.
[ 2012-07-27T16:15:35+08:00 ] NOTIC: [8] Undefined index:  dovo_UserName BaseAction.class.php 第 13 行.
[ 2012-07-27T16:15:35+08:00 ] SQL:  RunTime:0.002344s SQL = SHOW COLUMNS FROM cndw_player_faq
[ 2012-07-27T16:15:35+08:00 ] SQL:  RunTime:0.002124s SQL = SHOW COLUMNS FROM cndw_question_types
[ 2012-07-27T16:15:35+08:00 ] SQL:  RunTime:0.001843s SQL = SHOW COLUMNS FROM cndw_sysconfig
[ 2012-07-27T16:15:35+08:00 ] NOTIC: [8] Undefined variable: _page_title 972c8cf98e4871a830fafeb7278fd4ae.php 第 5 行.
[ 2012-07-27T16:15:35+08:00 ] NOTIC: [8] Undefined variable: username 972c8cf98e4871a830fafeb7278fd4ae.php 第 39 行.
[ 2012-07-27T16:15:35+08:00 ] NOTIC: [8] Undefined variable: waitCount 972c8cf98e4871a830fafeb7278fd4ae.php 第 86 行.
[ 2012-07-27T16:15:35+08:00 ] NOTIC: [8] Undefined variable: haveCount 972c8cf98e4871a830fafeb7278fd4ae.php 第 87 行.
[ 2012-07-27T16:15:35+08:00 ] NOTIC: [8] Undefined index:  dovo_UserName BaseAction.class.php 第 13 行.
[ 2012-07-27T16:15:35+08:00 ] SQL:  RunTime:0.002376s SQL = SHOW COLUMNS FROM cndw_player_faq
[ 2012-07-27T16:15:35+08:00 ] SQL:  RunTime:0.002386s SQL = SHOW COLUMNS FROM cndw_question_types
[ 2012-07-27T16:15:35+08:00 ] SQL:  RunTime:0.002183s SQL = SHOW COLUMNS FROM cndw_sysconfig
[ 2012-07-27T16:15:35+08:00 ] NOTIC: [8] Undefined variable: _page_title 972c8cf98e4871a830fafeb7278fd4ae.php 第 5 行.
[ 2012-07-27T16:15:35+08:00 ] NOTIC: [8] Undefined variable: username 972c8cf98e4871a830fafeb7278fd4ae.php 第 39 行.
[ 2012-07-27T16:15:35+08:00 ] NOTIC: [8] Undefined variable: waitCount 972c8cf98e4871a830fafeb7278fd4ae.php 第 86 行.
[ 2012-07-27T16:15:35+08:00 ] NOTIC: [8] Undefined variable: haveCount 972c8cf98e4871a830fafeb7278fd4ae.php 第 87 行.
[ 2012-07-27T16:15:35+08:00 ] NOTIC: [8] Undefined index:  dovo_UserName BaseAction.class.php 第 13 行.
[ 2012-07-27T16:15:35+08:00 ] SQL:  RunTime:0.002470s SQL = SHOW COLUMNS FROM cndw_player_faq
[ 2012-07-27T16:15:35+08:00 ] SQL:  RunTime:0.002491s SQL = SHOW COLUMNS FROM cndw_question_types
[ 2012-07-27T16:15:36+08:00 ] SQL:  RunTime:0.003031s SQL = SHOW COLUMNS FROM cndw_sysconfig
[ 2012-07-27T16:15:36+08:00 ] NOTIC: [8] Undefined variable: _page_title 972c8cf98e4871a830fafeb7278fd4ae.php 第 5 行.
[ 2012-07-27T16:15:36+08:00 ] NOTIC: [8] Undefined variable: username 972c8cf98e4871a830fafeb7278fd4ae.php 第 39 行.
[ 2012-07-27T16:15:36+08:00 ] NOTIC: [8] Undefined variable: waitCount 972c8cf98e4871a830fafeb7278fd4ae.php 第 86 行.
[ 2012-07-27T16:15:36+08:00 ] NOTIC: [8] Undefined variable: haveCount 972c8cf98e4871a830fafeb7278fd4ae.php 第 87 行.
[ 2012-07-27T16:15:41+08:00 ] NOTIC: [8] Undefined index:  dovo_UserName BaseAction.class.php 第 13 行.
[ 2012-07-27T16:15:41+08:00 ] SQL:  RunTime:0.002395s SQL = SHOW COLUMNS FROM cndw_player_faq
[ 2012-07-27T16:15:41+08:00 ] SQL:  RunTime:0.002158s SQL = SHOW COLUMNS FROM cndw_question_types
[ 2012-07-27T16:15:41+08:00 ] SQL:  RunTime:0.002321s SQL = SHOW COLUMNS FROM cndw_sysconfig
[ 2012-07-27T16:15:41+08:00 ] NOTIC: [8] Undefined variable: _page_title 972c8cf98e4871a830fafeb7278fd4ae.php 第 5 行.
[ 2012-07-27T16:15:41+08:00 ] NOTIC: [8] Undefined variable: username 972c8cf98e4871a830fafeb7278fd4ae.php 第 39 行.
[ 2012-07-27T16:15:41+08:00 ] NOTIC: [8] Undefined variable: waitCount 972c8cf98e4871a830fafeb7278fd4ae.php 第 86 行.
[ 2012-07-27T16:15:41+08:00 ] NOTIC: [8] Undefined variable: haveCount 972c8cf98e4871a830fafeb7278fd4ae.php 第 87 行.
[ 2012-07-27T16:20:49+08:00 ] NOTIC: [8] Undefined index:  dovo_UserName BaseAction.class.php 第 13 行.
[ 2012-07-27T16:20:49+08:00 ] SQL:  RunTime:0.002746s SQL = SHOW COLUMNS FROM cndw_player_faq
[ 2012-07-27T16:20:49+08:00 ] SQL:  RunTime:0.002207s SQL = SHOW COLUMNS FROM cndw_question_types
[ 2012-07-27T16:20:49+08:00 ] SQL:  RunTime:0.002225s SQL = SHOW COLUMNS FROM cndw_sysconfig
[ 2012-07-27T16:20:49+08:00 ] NOTIC: [8] Undefined variable: _page_title 972c8cf98e4871a830fafeb7278fd4ae.php 第 5 行.
[ 2012-07-27T16:20:49+08:00 ] NOTIC: [8] Undefined variable: username 972c8cf98e4871a830fafeb7278fd4ae.php 第 39 行.
[ 2012-07-27T16:20:49+08:00 ] NOTIC: [8] Undefined variable: waitCount 972c8cf98e4871a830fafeb7278fd4ae.php 第 86 行.
[ 2012-07-27T16:20:49+08:00 ] NOTIC: [8] Undefined variable: haveCount 972c8cf98e4871a830fafeb7278fd4ae.php 第 87 行.
[ 2012-07-27T16:22:28+08:00 ] NOTIC: [8] Undefined index:  dovo_UserName BaseAction.class.php 第 13 行.
[ 2012-07-27T16:22:28+08:00 ] SQL:  RunTime:0.012641s SQL = SHOW COLUMNS FROM cndw_player_faq
[ 2012-07-27T16:22:28+08:00 ] SQL:  RunTime:0.002135s SQL = SHOW COLUMNS FROM cndw_question_types
[ 2012-07-27T16:22:28+08:00 ] SQL:  RunTime:0.002048s SQL = SHOW COLUMNS FROM cndw_sysconfig
[ 2012-07-27T16:22:28+08:00 ] NOTIC: [8] Undefined variable: _page_title 972c8cf98e4871a830fafeb7278fd4ae.php 第 5 行.
[ 2012-07-27T16:22:28+08:00 ] NOTIC: [8] Undefined variable: username 972c8cf98e4871a830fafeb7278fd4ae.php 第 39 行.
[ 2012-07-27T16:22:28+08:00 ] NOTIC: [8] Undefined variable: waitCount 972c8cf98e4871a830fafeb7278fd4ae.php 第 86 行.
[ 2012-07-27T16:22:28+08:00 ] NOTIC: [8] Undefined variable: haveCount 972c8cf98e4871a830fafeb7278fd4ae.php 第 87 行.
[ 2012-07-27T17:14:17+08:00 ] NOTIC: [8] Undefined index:  dovo_UserName BaseAction.class.php 第 13 行.
[ 2012-07-27T17:14:17+08:00 ] SQL:  RunTime:0.003999s SQL = SHOW COLUMNS FROM cndw_player_faq
[ 2012-07-27T17:14:17+08:00 ] SQL:  RunTime:0.002574s SQL = SHOW COLUMNS FROM cndw_question_types
[ 2012-07-27T17:14:17+08:00 ] SQL:  RunTime:0.002798s SQL = SHOW COLUMNS FROM cndw_sysconfig
[ 2012-07-27T17:14:17+08:00 ] NOTIC: [8] Undefined variable: _page_title 972c8cf98e4871a830fafeb7278fd4ae.php 第 5 行.
[ 2012-07-27T17:14:17+08:00 ] NOTIC: [8] Undefined variable: username 972c8cf98e4871a830fafeb7278fd4ae.php 第 39 行.
[ 2012-07-27T17:14:17+08:00 ] NOTIC: [8] Undefined variable: waitCount 972c8cf98e4871a830fafeb7278fd4ae.php 第 86 行.
[ 2012-07-27T17:14:17+08:00 ] NOTIC: [8] Undefined variable: haveCount 972c8cf98e4871a830fafeb7278fd4ae.php 第 87 行.
[ 2012-07-27T17:14:23+08:00 ] NOTIC: [8] Undefined index:  dovo_UserName BaseAction.class.php 第 13 行.
[ 2012-07-27T17:14:23+08:00 ] SQL:  RunTime:0.002482s SQL = SHOW COLUMNS FROM cndw_player_faq
[ 2012-07-27T17:14:23+08:00 ] SQL:  RunTime:0.002211s SQL = SHOW COLUMNS FROM cndw_question_types
[ 2012-07-27T17:14:23+08:00 ] SQL:  RunTime:0.002366s SQL = SHOW COLUMNS FROM cndw_sysconfig
[ 2012-07-27T17:14:23+08:00 ] NOTIC: [8] Undefined variable: _page_title 972c8cf98e4871a830fafeb7278fd4ae.php 第 5 行.
[ 2012-07-27T17:14:23+08:00 ] NOTIC: [8] Undefined variable: username 972c8cf98e4871a830fafeb7278fd4ae.php 第 39 行.
[ 2012-07-27T17:14:23+08:00 ] NOTIC: [8] Undefined variable: waitCount 972c8cf98e4871a830fafeb7278fd4ae.php 第 86 行.
[ 2012-07-27T17:14:23+08:00 ] NOTIC: [8] Undefined variable: haveCount 972c8cf98e4871a830fafeb7278fd4ae.php 第 87 行.
[ 2012-07-27T17:44:28+08:00 ] NOTIC: [8] Undefined index:  dovo_UserName BaseAction.class.php 第 13 行.
[ 2012-07-27T17:44:28+08:00 ] SQL:  RunTime:0.003556s SQL = SHOW COLUMNS FROM cndw_player_faq
[ 2012-07-27T17:44:28+08:00 ] SQL:  RunTime:0.002564s SQL = SHOW COLUMNS FROM cndw_question_types
[ 2012-07-27T17:44:28+08:00 ] SQL:  RunTime:0.002489s SQL = SHOW COLUMNS FROM cndw_sysconfig
[ 2012-07-27T17:44:28+08:00 ] NOTIC: [8] Undefined variable: _page_title 972c8cf98e4871a830fafeb7278fd4ae.php 第 5 行.
[ 2012-07-27T17:44:28+08:00 ] NOTIC: [8] Undefined variable: username 972c8cf98e4871a830fafeb7278fd4ae.php 第 39 行.
[ 2012-07-27T17:44:28+08:00 ] NOTIC: [8] Undefined variable: waitCount 972c8cf98e4871a830fafeb7278fd4ae.php 第 86 行.
[ 2012-07-27T17:44:28+08:00 ] NOTIC: [8] Undefined variable: haveCount 972c8cf98e4871a830fafeb7278fd4ae.php 第 87 行.
[ 2012-07-27T18:08:30+08:00 ] NOTIC: [8] Undefined index:  dovo_UserName BaseAction.class.php 第 13 行.
[ 2012-07-27T18:08:30+08:00 ] SQL:  RunTime:0.002948s SQL = SHOW COLUMNS FROM cndw_player_faq
[ 2012-07-27T18:08:30+08:00 ] SQL:  RunTime:0.002870s SQL = SHOW COLUMNS FROM cndw_question_types
[ 2012-07-27T18:08:30+08:00 ] SQL:  RunTime:0.002470s SQL = SHOW COLUMNS FROM cndw_sysconfig
[ 2012-07-27T18:08:30+08:00 ] NOTIC: [8] Undefined variable: _page_title 972c8cf98e4871a830fafeb7278fd4ae.php 第 5 行.
[ 2012-07-27T18:08:30+08:00 ] NOTIC: [8] Undefined variable: username 972c8cf98e4871a830fafeb7278fd4ae.php 第 39 行.
[ 2012-07-27T18:08:30+08:00 ] NOTIC: [8] Undefined variable: waitCount 972c8cf98e4871a830fafeb7278fd4ae.php 第 86 行.
[ 2012-07-27T18:08:30+08:00 ] NOTIC: [8] Undefined variable: haveCount 972c8cf98e4871a830fafeb7278fd4ae.php 第 87 行.
[ 2012-07-27T18:08:30+08:00 ] NOTIC: [8] Undefined index:  dovo_UserName BaseAction.class.php 第 13 行.
[ 2012-07-27T18:08:30+08:00 ] SQL:  RunTime:0.002703s SQL = SHOW COLUMNS FROM cndw_player_faq
[ 2012-07-27T18:08:30+08:00 ] SQL:  RunTime:0.002327s SQL = SHOW COLUMNS FROM cndw_question_types
[ 2012-07-27T18:08:30+08:00 ] SQL:  RunTime:0.002067s SQL = SHOW COLUMNS FROM cndw_sysconfig
[ 2012-07-27T18:08:30+08:00 ] NOTIC: [8] Undefined variable: _page_title 972c8cf98e4871a830fafeb7278fd4ae.php 第 5 行.
[ 2012-07-27T18:08:30+08:00 ] NOTIC: [8] Undefined variable: username 972c8cf98e4871a830fafeb7278fd4ae.php 第 39 行.
[ 2012-07-27T18:08:30+08:00 ] NOTIC: [8] Undefined variable: waitCount 972c8cf98e4871a830fafeb7278fd4ae.php 第 86 行.
[ 2012-07-27T18:08:30+08:00 ] NOTIC: [8] Undefined variable: haveCount 972c8cf98e4871a830fafeb7278fd4ae.php 第 87 行.
[ 2012-07-27T18:08:31+08:00 ] NOTIC: [8] Undefined index:  dovo_UserName BaseAction.class.php 第 13 行.
[ 2012-07-27T18:08:31+08:00 ] SQL:  RunTime:0.002424s SQL = SHOW COLUMNS FROM cndw_player_faq
[ 2012-07-27T18:08:31+08:00 ] SQL:  RunTime:0.002271s SQL = SHOW COLUMNS FROM cndw_question_types
[ 2012-07-27T18:08:31+08:00 ] SQL:  RunTime:0.002073s SQL = SHOW COLUMNS FROM cndw_sysconfig
[ 2012-07-27T18:08:31+08:00 ] NOTIC: [8] Undefined variable: _page_title 972c8cf98e4871a830fafeb7278fd4ae.php 第 5 行.
[ 2012-07-27T18:08:31+08:00 ] NOTIC: [8] Undefined variable: username 972c8cf98e4871a830fafeb7278fd4ae.php 第 39 行.
[ 2012-07-27T18:08:31+08:00 ] NOTIC: [8] Undefined variable: waitCount 972c8cf98e4871a830fafeb7278fd4ae.php 第 86 行.
[ 2012-07-27T18:08:31+08:00 ] NOTIC: [8] Undefined variable: haveCount 972c8cf98e4871a830fafeb7278fd4ae.php 第 87 行.
[ 2012-07-27T18:08:55+08:00 ] NOTIC: [8] Undefined index:  dovo_UserName BaseAction.class.php 第 13 行.
[ 2012-07-27T18:08:55+08:00 ] SQL:  RunTime:0.002522s SQL = SHOW COLUMNS FROM cndw_player_faq
[ 2012-07-27T18:08:55+08:00 ] SQL:  RunTime:0.005235s SQL = SHOW COLUMNS FROM cndw_question_types
[ 2012-07-27T18:08:55+08:00 ] SQL:  RunTime:0.017277s SQL = SHOW COLUMNS FROM cndw_sysconfig
[ 2012-07-27T18:08:55+08:00 ] NOTIC: [8] Undefined variable: _page_title 972c8cf98e4871a830fafeb7278fd4ae.php 第 5 行.
[ 2012-07-27T18:08:55+08:00 ] NOTIC: [8] Undefined variable: username 972c8cf98e4871a830fafeb7278fd4ae.php 第 39 行.
[ 2012-07-27T18:08:55+08:00 ] NOTIC: [8] Undefined variable: waitCount 972c8cf98e4871a830fafeb7278fd4ae.php 第 86 行.
[ 2012-07-27T18:08:55+08:00 ] NOTIC: [8] Undefined variable: haveCount 972c8cf98e4871a830fafeb7278fd4ae.php 第 87 行.
[ 2012-07-27T18:09:51+08:00 ] NOTIC: [8] Undefined index:  dovo_UserName BaseAction.class.php 第 13 行.
[ 2012-07-27T18:09:51+08:00 ] SQL:  RunTime:0.002832s SQL = SHOW COLUMNS FROM cndw_player_faq
[ 2012-07-27T18:09:51+08:00 ] SQL:  RunTime:0.002273s SQL = SHOW COLUMNS FROM cndw_question_types
[ 2012-07-27T18:09:51+08:00 ] SQL:  RunTime:0.002015s SQL = SHOW COLUMNS FROM cndw_sysconfig
[ 2012-07-27T18:09:52+08:00 ] NOTIC: [8] Undefined variable: _page_title 972c8cf98e4871a830fafeb7278fd4ae.php 第 5 行.
[ 2012-07-27T18:09:52+08:00 ] NOTIC: [8] Undefined variable: username 972c8cf98e4871a830fafeb7278fd4ae.php 第 39 行.
[ 2012-07-27T18:09:52+08:00 ] NOTIC: [8] Undefined variable: waitCount 972c8cf98e4871a830fafeb7278fd4ae.php 第 86 行.
[ 2012-07-27T18:09:52+08:00 ] NOTIC: [8] Undefined variable: haveCount 972c8cf98e4871a830fafeb7278fd4ae.php 第 87 行.
