[ 2012-07-25T09:51:47+08:00 ] NOTIC: [8] Undefined index:  dovo_UserName BaseAction.class.php 第 13 行.
[ 2012-07-25T09:51:47+08:00 ] SQL:  RunTime:0.094855s SQL = SHOW COLUMNS FROM cndw_player_faq
[ 2012-07-25T09:51:47+08:00 ] SQL:  RunTime:0.042109s SQL = SHOW COLUMNS FROM cndw_sysconfig
[ 2012-07-25T09:51:47+08:00 ] NOTIC: [8] Array to string conversion Db.class.php 第 517 行.
[ 2012-07-25T09:51:47+08:00 ] SQL:  RunTime:0.344224s SQL = SELECT * FROM `cndw_player_faq` WHERE ( `lang_id` = 1 ) AND ( (`status` >= 0) AND (`status` <= 1)  ) AND ( `game_type_id` IN (1,2,6,7,9,8,10,21) ) ORDER BY ratio desc LIMIT 20 
[ 2012-07-25T09:51:47+08:00 ] SQL:  RunTime:0.043113s SQL = SHOW COLUMNS FROM cndw_question_types
[ 2012-07-25T09:51:48+08:00 ] NOTIC: [8] Undefined variable: _page_title 972c8cf98e4871a830fafeb7278fd4ae.php 第 5 行.
[ 2012-07-25T09:51:48+08:00 ] NOTIC: [8] Undefined variable: username 972c8cf98e4871a830fafeb7278fd4ae.php 第 39 行.
[ 2012-07-25T09:51:48+08:00 ] NOTIC: [8] Undefined variable: waitCount 972c8cf98e4871a830fafeb7278fd4ae.php 第 86 行.
[ 2012-07-25T09:51:48+08:00 ] NOTIC: [8] Undefined variable: haveCount 972c8cf98e4871a830fafeb7278fd4ae.php 第 87 行.
[ 2012-07-25T10:16:01+08:00 ] NOTIC: [8] Undefined index:  dovo_UserName BaseAction.class.php 第 13 行.
[ 2012-07-25T10:16:01+08:00 ] SQL:  RunTime:0.001954s SQL = SHOW COLUMNS FROM cndw_player_faq
[ 2012-07-25T10:16:01+08:00 ] SQL:  RunTime:0.002012s SQL = SHOW COLUMNS FROM cndw_sysconfig
[ 2012-07-25T10:16:01+08:00 ] NOTIC: [8] Array to string conversion Db.class.php 第 517 行.
[ 2012-07-25T10:16:01+08:00 ] SQL:  RunTime:0.011851s SQL = SELECT * FROM `cndw_player_faq` WHERE ( `lang_id` = 1 ) AND ( (`status` >= 0) AND (`status` <= 1)  ) AND ( `game_type_id` IN (1,2,6,7,9,8,10,21) ) ORDER BY ratio desc LIMIT 20 
[ 2012-07-25T10:16:01+08:00 ] SQL:  RunTime:0.001989s SQL = SHOW COLUMNS FROM cndw_question_types
[ 2012-07-25T10:16:01+08:00 ] NOTIC: [8] Undefined variable: _page_title 972c8cf98e4871a830fafeb7278fd4ae.php 第 5 行.
[ 2012-07-25T10:16:01+08:00 ] NOTIC: [8] Undefined variable: username 972c8cf98e4871a830fafeb7278fd4ae.php 第 39 行.
[ 2012-07-25T10:16:01+08:00 ] NOTIC: [8] Undefined variable: waitCount 972c8cf98e4871a830fafeb7278fd4ae.php 第 86 行.
[ 2012-07-25T10:16:01+08:00 ] NOTIC: [8] Undefined variable: haveCount 972c8cf98e4871a830fafeb7278fd4ae.php 第 87 行.
[ 2012-07-25T12:33:13+08:00 ] NOTIC: [8] Undefined index:  dovo_UserName BaseAction.class.php 第 13 行.
[ 2012-07-25T12:33:13+08:00 ] SQL:  RunTime:0.048119s SQL = SHOW COLUMNS FROM cndw_player_faq
[ 2012-07-25T12:33:13+08:00 ] SQL:  RunTime:0.081609s SQL = SHOW COLUMNS FROM cndw_question_types
[ 2012-07-25T12:33:13+08:00 ] SQL:  RunTime:0.030566s SQL = SHOW COLUMNS FROM cndw_sysconfig
[ 2012-07-25T12:33:13+08:00 ] NOTIC: [8] Undefined variable: _page_title 972c8cf98e4871a830fafeb7278fd4ae.php 第 5 行.
[ 2012-07-25T12:33:13+08:00 ] NOTIC: [8] Undefined variable: username 972c8cf98e4871a830fafeb7278fd4ae.php 第 39 行.
[ 2012-07-25T12:33:13+08:00 ] NOTIC: [8] Undefined variable: waitCount 972c8cf98e4871a830fafeb7278fd4ae.php 第 86 行.
[ 2012-07-25T12:33:13+08:00 ] NOTIC: [8] Undefined variable: haveCount 972c8cf98e4871a830fafeb7278fd4ae.php 第 87 行.
