[ 2012-12-04T11:38:56+08:00 ] NOTIC: [8] Undefined index:  dovo_UserName BaseAction.class.php 第 13 行.
[ 2012-12-04T11:38:56+08:00 ] SQL:  RunTime:0.049955s SQL = SHOW COLUMNS FROM cndw_player_faq
[ 2012-12-04T11:38:57+08:00 ] SQL:  RunTime:0.038488s SQL = SHOW COLUMNS FROM cndw_sysconfig
[ 2012-12-04T11:38:57+08:00 ] NOTIC: [8] Array to string conversion Db.class.php 第 517 行.
[ 2012-12-04T11:38:57+08:00 ] SQL:  RunTime:0.187581s SQL = SELECT * FROM `cndw_player_faq` WHERE ( `lang_id` = 1 ) AND ( (`status` >= 0) AND (`status` <= 1)  ) AND ( `game_type_id` IN (1,2,6,7,9,8,10,24,1008,20) ) ORDER BY ratio desc LIMIT 20 
[ 2012-12-04T11:38:57+08:00 ] SQL:  RunTime:0.025415s SQL = SHOW COLUMNS FROM cndw_question_types
[ 2012-12-04T11:38:57+08:00 ] NOTIC: [8] Undefined variable: _page_title 972c8cf98e4871a830fafeb7278fd4ae.php 第 5 行.
[ 2012-12-04T11:38:57+08:00 ] NOTIC: [8] Undefined variable: username 972c8cf98e4871a830fafeb7278fd4ae.php 第 39 行.
[ 2012-12-04T11:38:57+08:00 ] NOTIC: [8] Undefined variable: waitCount 972c8cf98e4871a830fafeb7278fd4ae.php 第 86 行.
[ 2012-12-04T11:38:57+08:00 ] NOTIC: [8] Undefined variable: haveCount 972c8cf98e4871a830fafeb7278fd4ae.php 第 87 行.
[ 2012-12-04T11:51:40+08:00 ] NOTIC: [8] Undefined index:  dovo_UserName BaseAction.class.php 第 13 行.
[ 2012-12-04T11:51:40+08:00 ] SQL:  RunTime:0.002556s SQL = SHOW COLUMNS FROM cndw_player_faq
[ 2012-12-04T11:51:40+08:00 ] SQL:  RunTime:0.002136s SQL = SHOW COLUMNS FROM cndw_question_types
[ 2012-12-04T11:51:40+08:00 ] SQL:  RunTime:0.001900s SQL = SHOW COLUMNS FROM cndw_sysconfig
[ 2012-12-04T11:51:40+08:00 ] NOTIC: [8] Undefined variable: _page_title 972c8cf98e4871a830fafeb7278fd4ae.php 第 5 行.
[ 2012-12-04T11:51:40+08:00 ] NOTIC: [8] Undefined variable: username 972c8cf98e4871a830fafeb7278fd4ae.php 第 39 行.
[ 2012-12-04T11:51:40+08:00 ] NOTIC: [8] Undefined variable: waitCount 972c8cf98e4871a830fafeb7278fd4ae.php 第 86 行.
[ 2012-12-04T11:51:40+08:00 ] NOTIC: [8] Undefined variable: haveCount 972c8cf98e4871a830fafeb7278fd4ae.php 第 87 行.
[ 2012-12-04T11:52:27+08:00 ] NOTIC: [8] Undefined index:  dovo_UserName BaseAction.class.php 第 13 行.
[ 2012-12-04T11:52:27+08:00 ] SQL:  RunTime:0.001979s SQL = SHOW COLUMNS FROM cndw_player_faq
[ 2012-12-04T11:52:27+08:00 ] SQL:  RunTime:0.001719s SQL = SHOW COLUMNS FROM cndw_question_types
[ 2012-12-04T11:52:27+08:00 ] SQL:  RunTime:0.001576s SQL = SHOW COLUMNS FROM cndw_sysconfig
[ 2012-12-04T11:52:27+08:00 ] NOTIC: [8] Undefined variable: _page_title 972c8cf98e4871a830fafeb7278fd4ae.php 第 5 行.
[ 2012-12-04T11:52:27+08:00 ] NOTIC: [8] Undefined variable: username 972c8cf98e4871a830fafeb7278fd4ae.php 第 39 行.
[ 2012-12-04T11:52:27+08:00 ] NOTIC: [8] Undefined variable: waitCount 972c8cf98e4871a830fafeb7278fd4ae.php 第 86 行.
[ 2012-12-04T11:52:27+08:00 ] NOTIC: [8] Undefined variable: haveCount 972c8cf98e4871a830fafeb7278fd4ae.php 第 87 行.
[ 2012-12-04T11:52:46+08:00 ] NOTIC: [8] Undefined index:  dovo_UserName BaseAction.class.php 第 13 行.
[ 2012-12-04T11:52:46+08:00 ] SQL:  RunTime:0.013967s SQL = SHOW COLUMNS FROM cndw_player_faq
[ 2012-12-04T11:52:46+08:00 ] SQL:  RunTime:0.002024s SQL = SHOW COLUMNS FROM cndw_question_types
[ 2012-12-04T11:52:46+08:00 ] SQL:  RunTime:0.001821s SQL = SHOW COLUMNS FROM cndw_sysconfig
[ 2012-12-04T11:52:46+08:00 ] NOTIC: [8] Undefined variable: _page_title 972c8cf98e4871a830fafeb7278fd4ae.php 第 5 行.
[ 2012-12-04T11:52:46+08:00 ] NOTIC: [8] Undefined variable: username 972c8cf98e4871a830fafeb7278fd4ae.php 第 39 行.
[ 2012-12-04T11:52:46+08:00 ] NOTIC: [8] Undefined variable: waitCount 972c8cf98e4871a830fafeb7278fd4ae.php 第 86 行.
[ 2012-12-04T11:52:46+08:00 ] NOTIC: [8] Undefined variable: haveCount 972c8cf98e4871a830fafeb7278fd4ae.php 第 87 行.
[ 2012-12-04T11:54:56+08:00 ] NOTIC: [8] Undefined index:  dovo_UserName BaseAction.class.php 第 13 行.
[ 2012-12-04T11:54:56+08:00 ] SQL:  RunTime:0.002251s SQL = SHOW COLUMNS FROM cndw_player_faq
[ 2012-12-04T11:54:56+08:00 ] SQL:  RunTime:0.001675s SQL = SHOW COLUMNS FROM cndw_question_types
[ 2012-12-04T11:54:56+08:00 ] SQL:  RunTime:0.001584s SQL = SHOW COLUMNS FROM cndw_sysconfig
[ 2012-12-04T11:54:56+08:00 ] NOTIC: [8] Undefined variable: _page_title 972c8cf98e4871a830fafeb7278fd4ae.php 第 5 行.
[ 2012-12-04T11:54:56+08:00 ] NOTIC: [8] Undefined variable: username 972c8cf98e4871a830fafeb7278fd4ae.php 第 39 行.
[ 2012-12-04T11:54:56+08:00 ] NOTIC: [8] Undefined variable: waitCount 972c8cf98e4871a830fafeb7278fd4ae.php 第 86 行.
[ 2012-12-04T11:54:56+08:00 ] NOTIC: [8] Undefined variable: haveCount 972c8cf98e4871a830fafeb7278fd4ae.php 第 87 行.
[ 2012-12-04T12:43:09+08:00 ] NOTIC: [8] Undefined index:  dovo_UserName BaseAction.class.php 第 13 行.
[ 2012-12-04T12:43:09+08:00 ] SQL:  RunTime:0.002222s SQL = SHOW COLUMNS FROM cndw_player_faq
[ 2012-12-04T12:43:09+08:00 ] SQL:  RunTime:0.001955s SQL = SHOW COLUMNS FROM cndw_question_types
[ 2012-12-04T12:43:09+08:00 ] SQL:  RunTime:0.001859s SQL = SHOW COLUMNS FROM cndw_sysconfig
[ 2012-12-04T12:43:09+08:00 ] NOTIC: [8] Undefined variable: _page_title 972c8cf98e4871a830fafeb7278fd4ae.php 第 5 行.
[ 2012-12-04T12:43:09+08:00 ] NOTIC: [8] Undefined variable: username 972c8cf98e4871a830fafeb7278fd4ae.php 第 39 行.
[ 2012-12-04T12:43:09+08:00 ] NOTIC: [8] Undefined variable: waitCount 972c8cf98e4871a830fafeb7278fd4ae.php 第 86 行.
[ 2012-12-04T12:43:09+08:00 ] NOTIC: [8] Undefined variable: haveCount 972c8cf98e4871a830fafeb7278fd4ae.php 第 87 行.
[ 2012-12-04T19:01:31+08:00 ] NOTIC: [8] Undefined index:  dovo_UserName BaseAction.class.php 第 13 行.
[ 2012-12-04T19:01:31+08:00 ] SQL:  RunTime:0.002288s SQL = SHOW COLUMNS FROM cndw_player_faq
[ 2012-12-04T19:01:31+08:00 ] SQL:  RunTime:0.001969s SQL = SHOW COLUMNS FROM cndw_sysconfig
[ 2012-12-04T19:01:31+08:00 ] NOTIC: [8] Array to string conversion Db.class.php 第 517 行.
[ 2012-12-04T19:01:31+08:00 ] SQL:  RunTime:0.011063s SQL = SELECT * FROM `cndw_player_faq` WHERE ( `lang_id` = 1 ) AND ( (`status` >= 0) AND (`status` <= 1)  ) AND ( `game_type_id` IN (1,2,6,7,9,8,10,24,1008,20) ) ORDER BY ratio desc LIMIT 20 
[ 2012-12-04T19:01:31+08:00 ] SQL:  RunTime:0.002002s SQL = SHOW COLUMNS FROM cndw_question_types
[ 2012-12-04T19:01:31+08:00 ] NOTIC: [8] Undefined variable: _page_title 972c8cf98e4871a830fafeb7278fd4ae.php 第 5 行.
[ 2012-12-04T19:01:31+08:00 ] NOTIC: [8] Undefined variable: username 972c8cf98e4871a830fafeb7278fd4ae.php 第 39 行.
[ 2012-12-04T19:01:31+08:00 ] NOTIC: [8] Undefined variable: waitCount 972c8cf98e4871a830fafeb7278fd4ae.php 第 86 行.
[ 2012-12-04T19:01:31+08:00 ] NOTIC: [8] Undefined variable: haveCount 972c8cf98e4871a830fafeb7278fd4ae.php 第 87 行.
